#
# There is insufficient memory for the Java Runtime Environment to continue.
# Native memory allocation (mmap) failed to map 206569472 bytes for G1 virtual space
# Possible reasons:
#   The system is out of physical RAM or swap space
#   The process is running with CompressedOops enabled, and the Java Heap may be blocking the growth of the native heap
# Possible solutions:
#   Reduce memory load on the system
#   Increase physical memory or swap space
#   Check if swap backing store is full
#   Decrease Java heap size (-Xmx/-Xms)
#   Decrease number of Java threads
#   Decrease Java thread stack sizes (-Xss)
#   Set larger code cache with -XX:ReservedCodeCacheSize=
#   JVM is running with Unscaled Compressed Oops mode in which the Java heap is
#     placed in the first 4GB address space. The Java Heap base address is the
#     maximum limit for the native heap growth. Please use -XX:HeapBaseMinAddress
#     to set the Java Heap base and to place the Java Heap above 4GB virtual address.
# This output file may be truncated or incomplete.
#
#  Out of Memory Error (os_windows.cpp:3769), pid=24692, tid=15708
#
# JRE version: OpenJDK Runtime Environment (17.0.6) (build 17.0.6+0-b2043.56-9586694)
# Java VM: OpenJDK 64-Bit Server VM (17.0.6+0-b2043.56-9586694, mixed mode, tiered, compressed oops, compressed class ptrs, g1 gc, windows-amd64)
# No core dump will be written. Minidumps are not enabled by default on client versions of Windows
#

---------------  S U M M A R Y ------------

Command Line: --add-opens=java.base/java.util=ALL-UNNAMED --add-opens=java.base/java.lang=ALL-UNNAMED --add-opens=java.base/java.lang.invoke=ALL-UNNAMED --add-opens=java.prefs/java.util.prefs=ALL-UNNAMED --add-opens=java.base/java.nio.charset=ALL-UNNAMED --add-opens=java.base/java.net=ALL-UNNAMED --add-opens=java.base/java.util.concurrent.atomic=ALL-UNNAMED -Xmx2048m -Dfile.encoding=UTF-8 -Duser.country=US -Duser.language=en -Duser.variant org.gradle.launcher.daemon.bootstrap.GradleDaemon 8.0

Host: Intel(R) Core(TM) i5-8265U CPU @ 1.60GHz, 8 cores, 7G,  Windows 11 , 64 bit Build 22621 (10.0.22621.1778)
Time: Sun Jun 25 13:28:10 2023 SE Asia Standard Time elapsed time: 35.562629 seconds (0d 0h 0m 35s)

---------------  T H R E A D  ---------------

Current thread (0x00000203d2450950):  VMThread "VM Thread" [stack: 0x000000d4eff00000,0x000000d4f0000000] [id=15708]

Stack: [0x000000d4eff00000,0x000000d4f0000000]
Native frames: (J=compiled Java code, j=interpreted, Vv=VM code, C=native code)
V  [jvm.dll+0x683b4a]
V  [jvm.dll+0x842654]
V  [jvm.dll+0x843dfe]
V  [jvm.dll+0x844463]
V  [jvm.dll+0x249b75]
V  [jvm.dll+0x680a19]
V  [jvm.dll+0x674f0a]
V  [jvm.dll+0x309acb]
V  [jvm.dll+0x310f86]
V  [jvm.dll+0x3608ee]
V  [jvm.dll+0x360b1f]
V  [jvm.dll+0x2dfbf8]
V  [jvm.dll+0x2ddec4]
V  [jvm.dll+0x2dd4cc]
V  [jvm.dll+0x321f3b]
V  [jvm.dll+0x84893b]
V  [jvm.dll+0x849674]
V  [jvm.dll+0x849b8d]
V  [jvm.dll+0x849f64]
V  [jvm.dll+0x84a030]
V  [jvm.dll+0x7f25fa]
V  [jvm.dll+0x682985]
C  [ucrtbase.dll+0x29363]
C  [KERNEL32.DLL+0x126ad]
C  [ntdll.dll+0x5a9f8]

VM_Operation (0x000000d4f96fc9d0): G1CollectForAllocation, mode: safepoint, requested by thread 0x00000203d567c1e0


---------------  P R O C E S S  ---------------

Threads class SMR info:
_java_thread_list=0x00000203dcb90920, length=143, elements={
0x00000203b85ec670, 0x00000203d3013260, 0x00000203d30145c0, 0x00000203d2462230,
0x00000203d2462af0, 0x00000203d2463bd0, 0x00000203d2467680, 0x00000203d30413c0,
0x00000203d3042c90, 0x00000203d3046570, 0x00000203d31a4820, 0x00000203d31d8070,
0x00000203d5f5d9c0, 0x00000203d5b5fcc0, 0x00000203d55a1320, 0x00000203d4bb2440,
0x00000203d5be8470, 0x00000203d419f020, 0x00000203d447e2d0, 0x00000203d46e5250,
0x00000203d46e6590, 0x00000203d46e60c0, 0x00000203d46e5bf0, 0x00000203d46e6a60,
0x00000203d46e8270, 0x00000203d46e48b0, 0x00000203d46e6f30, 0x00000203d46e7400,
0x00000203d46e4d80, 0x00000203d46e5720, 0x00000203d46e78d0, 0x00000203d46e7da0,
0x00000203d342d7c0, 0x00000203d3429460, 0x00000203d342e160, 0x00000203d342d2f0,
0x00000203d342a2d0, 0x00000203d342e630, 0x00000203d342f4a0, 0x00000203d342eb00,
0x00000203d342b140, 0x00000203d342f970, 0x00000203d3428ac0, 0x00000203d342a7a0,
0x00000203d3429930, 0x00000203d3429e00, 0x00000203d342ac70, 0x00000203d342c950,
0x00000203d342b610, 0x00000203d342bae0, 0x00000203d342bfb0, 0x00000203d342c480,
0x00000203d342ce20, 0x00000203d56db150, 0x00000203d56dbfc0, 0x00000203d56d6920,
0x00000203d56dc490, 0x00000203d56d8130, 0x00000203d56db620, 0x00000203d56dc960,
0x00000203d56d5110, 0x00000203d56d6450, 0x00000203d56d5ab0, 0x00000203d56d8600,
0x00000203d56d55e0, 0x00000203d56d9e10, 0x00000203d56d5f80, 0x00000203d56d6df0,
0x00000203d56d8ad0, 0x00000203d56d72c0, 0x00000203d56da2e0, 0x00000203d56d8fa0,
0x00000203d56d7790, 0x00000203d56dbaf0, 0x00000203d56d7c60, 0x00000203d56d9470,
0x00000203d56d9940, 0x00000203d56da7b0, 0x00000203d56dac80, 0x00000203d4880570,
0x00000203d4886a80, 0x00000203d4880a40, 0x00000203d4882720, 0x00000203d4883590,
0x00000203d4882250, 0x00000203d4880f10, 0x00000203d48813e0, 0x00000203d487fbd0,
0x00000203d48818b0, 0x00000203d4881d80, 0x00000203d4883a60, 0x00000203d4882bf0,
0x00000203d4883f30, 0x00000203d4884400, 0x00000203d48865b0, 0x00000203d48830c0,
0x00000203d487f700, 0x00000203d48848d0, 0x00000203d4884da0, 0x00000203d4885270,
0x00000203d48800a0, 0x00000203d4885740, 0x00000203d4885c10, 0x00000203d48860e0,
0x00000203d4886f50, 0x00000203d5747320, 0x00000203d5744ca0, 0x00000203d5747cc0,
0x00000203d5745170, 0x00000203d5745640, 0x00000203d5749e70, 0x00000203d57499a0,
0x00000203d574a340, 0x00000203d57477f0, 0x00000203d574a810, 0x00000203d5742fc0,
0x00000203d5743490, 0x00000203d5749000, 0x00000203d57464b0, 0x00000203d5746980,
0x00000203d5745b10, 0x00000203d5743e30, 0x00000203d5745fe0, 0x00000203d5744300,
0x00000203d5746e50, 0x00000203d5748660, 0x00000203d57494d0, 0x00000203d5748b30,
0x00000203d5743960, 0x00000203d8b0f1a0, 0x00000203d8b0f670, 0x00000203d8b0bcb0,
0x00000203d8b07e20, 0x00000203d8b0d4c0, 0x00000203db454ef0, 0x00000203db4553c0,
0x00000203db454a20, 0x00000203d567c1e0, 0x00000203da5b8040, 0x00000203d8b0ae40,
0x00000203d396b3b0, 0x00000203d396b880, 0x00000203d73a51d0
}

Java Threads: ( => current thread )
  0x00000203b85ec670 JavaThread "main" [_thread_blocked, id=25268, stack(0x000000d4ef900000,0x000000d4efa00000)]
  0x00000203d3013260 JavaThread "Reference Handler" daemon [_thread_blocked, id=16064, stack(0x000000d4f0000000,0x000000d4f0100000)]
  0x00000203d30145c0 JavaThread "Finalizer" daemon [_thread_blocked, id=22812, stack(0x000000d4f0100000,0x000000d4f0200000)]
  0x00000203d2462230 JavaThread "Signal Dispatcher" daemon [_thread_blocked, id=12108, stack(0x000000d4f0200000,0x000000d4f0300000)]
  0x00000203d2462af0 JavaThread "Attach Listener" daemon [_thread_blocked, id=20804, stack(0x000000d4f0300000,0x000000d4f0400000)]
  0x00000203d2463bd0 JavaThread "Service Thread" daemon [_thread_blocked, id=17604, stack(0x000000d4f0400000,0x000000d4f0500000)]
  0x00000203d2467680 JavaThread "Monitor Deflation Thread" daemon [_thread_blocked, id=26088, stack(0x000000d4f0500000,0x000000d4f0600000)]
  0x00000203d30413c0 JavaThread "C2 CompilerThread0" daemon [_thread_blocked, id=13560, stack(0x000000d4f0600000,0x000000d4f0700000)]
  0x00000203d3042c90 JavaThread "C1 CompilerThread0" daemon [_thread_blocked, id=2548, stack(0x000000d4f0700000,0x000000d4f0800000)]
  0x00000203d3046570 JavaThread "Sweeper thread" daemon [_thread_blocked, id=13396, stack(0x000000d4f0800000,0x000000d4f0900000)]
  0x00000203d31a4820 JavaThread "Common-Cleaner" daemon [_thread_blocked, id=9444, stack(0x000000d4f0900000,0x000000d4f0a00000)]
  0x00000203d31d8070 JavaThread "Notification Thread" daemon [_thread_blocked, id=18308, stack(0x000000d4f0a00000,0x000000d4f0b00000)]
  0x00000203d5f5d9c0 JavaThread "Daemon health stats" [_thread_blocked, id=10136, stack(0x000000d4f1100000,0x000000d4f1200000)]
  0x00000203d5b5fcc0 JavaThread "Incoming local TCP Connector on port 64673" [_thread_in_native, id=6380, stack(0x000000d4f1200000,0x000000d4f1300000)]
  0x00000203d55a1320 JavaThread "Daemon periodic checks" [_thread_blocked, id=19736, stack(0x000000d4f1300000,0x000000d4f1400000)]
  0x00000203d4bb2440 JavaThread "Daemon" [_thread_blocked, id=21892, stack(0x000000d4f1400000,0x000000d4f1500000)]
  0x00000203d5be8470 JavaThread "Handler for socket connection from /127.0.0.1:64673 to /127.0.0.1:64674" [_thread_in_native, id=20460, stack(0x000000d4f1500000,0x000000d4f1600000)]
  0x00000203d419f020 JavaThread "Cancel handler" [_thread_blocked, id=6056, stack(0x000000d4f1600000,0x000000d4f1700000)]
  0x00000203d447e2d0 JavaThread "Daemon worker" [_thread_blocked, id=18764, stack(0x000000d4f1700000,0x000000d4f1800000)]
  0x00000203d46e5250 JavaThread "Asynchronous log dispatcher for DefaultDaemonConnection: socket connection from /127.0.0.1:64673 to /127.0.0.1:64674" [_thread_blocked, id=9832, stack(0x000000d4f1800000,0x000000d4f1900000)]
  0x00000203d46e6590 JavaThread "Stdin handler" [_thread_blocked, id=17704, stack(0x000000d4f1900000,0x000000d4f1a00000)]
  0x00000203d46e60c0 JavaThread "Daemon client event forwarder" [_thread_blocked, id=6272, stack(0x000000d4f1a00000,0x000000d4f1b00000)]
  0x00000203d46e5bf0 JavaThread "Cache worker for journal cache (C:\Users\yuumm\.gradle\caches\journal-1)" [_thread_blocked, id=22068, stack(0x000000d4f1e00000,0x000000d4f1f00000)]
  0x00000203d46e6a60 JavaThread "File lock request listener" [_thread_in_native, id=13936, stack(0x000000d4f1f00000,0x000000d4f2000000)]
  0x00000203d46e8270 JavaThread "Cache worker for file hash cache (C:\Users\yuumm\.gradle\caches\8.0\fileHashes)" [_thread_blocked, id=13880, stack(0x000000d4f2000000,0x000000d4f2100000)]
  0x00000203d46e48b0 JavaThread "File watcher server" daemon [_thread_blocked, id=25064, stack(0x000000d4f2200000,0x000000d4f2300000)]
  0x00000203d46e6f30 JavaThread "File watcher consumer" daemon [_thread_blocked, id=14980, stack(0x000000d4f2300000,0x000000d4f2400000)]
  0x00000203d46e7400 JavaThread "Cache worker for checksums cache (D:\AndroidStudioProjects\Businix\.gradle\8.0\checksums)" [_thread_blocked, id=20092, stack(0x000000d4f2400000,0x000000d4f2500000)]
  0x00000203d46e4d80 JavaThread "Cache worker for cache directory md-rule (C:\Users\yuumm\.gradle\caches\8.0\md-rule)" [_thread_blocked, id=15648, stack(0x000000d4f2500000,0x000000d4f2600000)]
  0x00000203d46e5720 JavaThread "Cache worker for file content cache (C:\Users\yuumm\.gradle\caches\8.0\fileContent)" [_thread_blocked, id=14536, stack(0x000000d4f2600000,0x000000d4f2700000)]
  0x00000203d46e78d0 JavaThread "Cache worker for file hash cache (D:\AndroidStudioProjects\Businix\.gradle\8.0\fileHashes)" [_thread_blocked, id=24492, stack(0x000000d4f2700000,0x000000d4f2800000)]
  0x00000203d46e7da0 JavaThread "Cache worker for cache directory md-supplier (C:\Users\yuumm\.gradle\caches\8.0\md-supplier)" [_thread_blocked, id=21544, stack(0x000000d4f2800000,0x000000d4f2900000)]
  0x00000203d342d7c0 JavaThread "Cache worker for execution history cache (C:\Users\yuumm\.gradle\caches\8.0\executionHistory)" [_thread_blocked, id=9312, stack(0x000000d4f2100000,0x000000d4f2200000)]
  0x00000203d3429460 JavaThread "jar transforms" [_thread_blocked, id=4740, stack(0x000000d4f2900000,0x000000d4f2a00000)]
  0x00000203d342e160 JavaThread "jar transforms Thread 2" [_thread_blocked, id=10692, stack(0x000000d4f2b00000,0x000000d4f2c00000)]
  0x00000203d342d2f0 JavaThread "jar transforms Thread 3" [_thread_blocked, id=5536, stack(0x000000d4f2d00000,0x000000d4f2e00000)]
  0x00000203d342a2d0 JavaThread "jar transforms Thread 4" [_thread_blocked, id=14740, stack(0x000000d4f2e00000,0x000000d4f2f00000)]
  0x00000203d342e630 JavaThread "Cache worker for dependencies-accessors (D:\AndroidStudioProjects\Businix\.gradle\8.0\dependencies-accessors)" [_thread_blocked, id=22372, stack(0x000000d4f3000000,0x000000d4f3100000)]
  0x00000203d342f4a0 JavaThread "jar transforms Thread 5" [_thread_blocked, id=6944, stack(0x000000d4f3100000,0x000000d4f3200000)]
  0x00000203d342eb00 JavaThread "Cache worker for Build Output Cleanup Cache (D:\AndroidStudioProjects\Businix\.gradle\buildOutputCleanup)" [_thread_blocked, id=18480, stack(0x000000d4f2f00000,0x000000d4f3000000)]
  0x00000203d342b140 JavaThread "Unconstrained build operations" [_thread_blocked, id=19352, stack(0x000000d4f2a00000,0x000000d4f2b00000)]
  0x00000203d342f970 JavaThread "Unconstrained build operations Thread 2" [_thread_blocked, id=10996, stack(0x000000d4f3300000,0x000000d4f3400000)]
  0x00000203d3428ac0 JavaThread "Unconstrained build operations Thread 3" [_thread_blocked, id=26316, stack(0x000000d4f3400000,0x000000d4f3500000)]
  0x00000203d342a7a0 JavaThread "Unconstrained build operations Thread 4" [_thread_blocked, id=24436, stack(0x000000d4f3500000,0x000000d4f3600000)]
  0x00000203d3429930 JavaThread "Unconstrained build operations Thread 5" [_thread_blocked, id=3236, stack(0x000000d4f3600000,0x000000d4f3700000)]
  0x00000203d3429e00 JavaThread "Unconstrained build operations Thread 6" [_thread_blocked, id=16272, stack(0x000000d4f3700000,0x000000d4f3800000)]
  0x00000203d342ac70 JavaThread "Unconstrained build operations Thread 7" [_thread_blocked, id=22216, stack(0x000000d4f3800000,0x000000d4f3900000)]
  0x00000203d342c950 JavaThread "Unconstrained build operations Thread 8" [_thread_blocked, id=17384, stack(0x000000d4f3900000,0x000000d4f3a00000)]
  0x00000203d342b610 JavaThread "Unconstrained build operations Thread 9" [_thread_blocked, id=19848, stack(0x000000d4f3a00000,0x000000d4f3b00000)]
  0x00000203d342bae0 JavaThread "Unconstrained build operations Thread 10" [_thread_blocked, id=9356, stack(0x000000d4f3b00000,0x000000d4f3c00000)]
  0x00000203d342bfb0 JavaThread "Unconstrained build operations Thread 11" [_thread_blocked, id=1388, stack(0x000000d4f3c00000,0x000000d4f3d00000)]
  0x00000203d342c480 JavaThread "Unconstrained build operations Thread 12" [_thread_blocked, id=23472, stack(0x000000d4f3d00000,0x000000d4f3e00000)]
  0x00000203d342ce20 JavaThread "Unconstrained build operations Thread 13" [_thread_blocked, id=19092, stack(0x000000d4f3e00000,0x000000d4f3f00000)]
  0x00000203d56db150 JavaThread "Unconstrained build operations Thread 14" [_thread_blocked, id=25124, stack(0x000000d4f3f00000,0x000000d4f4000000)]
  0x00000203d56dbfc0 JavaThread "Unconstrained build operations Thread 15" [_thread_blocked, id=25700, stack(0x000000d4f4000000,0x000000d4f4100000)]
  0x00000203d56d6920 JavaThread "Unconstrained build operations Thread 16" [_thread_blocked, id=4576, stack(0x000000d4f4100000,0x000000d4f4200000)]
  0x00000203d56dc490 JavaThread "Unconstrained build operations Thread 17" [_thread_blocked, id=14852, stack(0x000000d4f4200000,0x000000d4f4300000)]
  0x00000203d56d8130 JavaThread "Unconstrained build operations Thread 18" [_thread_blocked, id=12828, stack(0x000000d4f4300000,0x000000d4f4400000)]
  0x00000203d56db620 JavaThread "Unconstrained build operations Thread 19" [_thread_blocked, id=5096, stack(0x000000d4f4400000,0x000000d4f4500000)]
  0x00000203d56dc960 JavaThread "Unconstrained build operations Thread 20" [_thread_blocked, id=8620, stack(0x000000d4f4500000,0x000000d4f4600000)]
  0x00000203d56d5110 JavaThread "Unconstrained build operations Thread 21" [_thread_blocked, id=2996, stack(0x000000d4f4600000,0x000000d4f4700000)]
  0x00000203d56d6450 JavaThread "Unconstrained build operations Thread 22" [_thread_blocked, id=2324, stack(0x000000d4f4700000,0x000000d4f4800000)]
  0x00000203d56d5ab0 JavaThread "Unconstrained build operations Thread 23" [_thread_blocked, id=1264, stack(0x000000d4f4800000,0x000000d4f4900000)]
  0x00000203d56d8600 JavaThread "Unconstrained build operations Thread 24" [_thread_blocked, id=1608, stack(0x000000d4f4900000,0x000000d4f4a00000)]
  0x00000203d56d55e0 JavaThread "Unconstrained build operations Thread 25" [_thread_blocked, id=6180, stack(0x000000d4f4a00000,0x000000d4f4b00000)]
  0x00000203d56d9e10 JavaThread "Unconstrained build operations Thread 26" [_thread_blocked, id=1460, stack(0x000000d4f4b00000,0x000000d4f4c00000)]
  0x00000203d56d5f80 JavaThread "Unconstrained build operations Thread 27" [_thread_blocked, id=1480, stack(0x000000d4f4c00000,0x000000d4f4d00000)]
  0x00000203d56d6df0 JavaThread "Unconstrained build operations Thread 28" [_thread_blocked, id=4372, stack(0x000000d4f4d00000,0x000000d4f4e00000)]
  0x00000203d56d8ad0 JavaThread "Unconstrained build operations Thread 29" [_thread_blocked, id=25528, stack(0x000000d4f4e00000,0x000000d4f4f00000)]
  0x00000203d56d72c0 JavaThread "Unconstrained build operations Thread 30" [_thread_blocked, id=24456, stack(0x000000d4f4f00000,0x000000d4f5000000)]
  0x00000203d56da2e0 JavaThread "Unconstrained build operations Thread 31" [_thread_blocked, id=15420, stack(0x000000d4f5000000,0x000000d4f5100000)]
  0x00000203d56d8fa0 JavaThread "Unconstrained build operations Thread 32" [_thread_blocked, id=20724, stack(0x000000d4f5100000,0x000000d4f5200000)]
  0x00000203d56d7790 JavaThread "Unconstrained build operations Thread 33" [_thread_blocked, id=1452, stack(0x000000d4f5200000,0x000000d4f5300000)]
  0x00000203d56dbaf0 JavaThread "Unconstrained build operations Thread 34" [_thread_blocked, id=7524, stack(0x000000d4f5300000,0x000000d4f5400000)]
  0x00000203d56d7c60 JavaThread "Unconstrained build operations Thread 35" [_thread_blocked, id=18556, stack(0x000000d4f5400000,0x000000d4f5500000)]
  0x00000203d56d9470 JavaThread "Unconstrained build operations Thread 36" [_thread_blocked, id=17852, stack(0x000000d4f5500000,0x000000d4f5600000)]
  0x00000203d56d9940 JavaThread "Unconstrained build operations Thread 37" [_thread_blocked, id=24708, stack(0x000000d4f5600000,0x000000d4f5700000)]
  0x00000203d56da7b0 JavaThread "Unconstrained build operations Thread 38" [_thread_blocked, id=25368, stack(0x000000d4f5700000,0x000000d4f5800000)]
  0x00000203d56dac80 JavaThread "Unconstrained build operations Thread 39" [_thread_blocked, id=1108, stack(0x000000d4f5800000,0x000000d4f5900000)]
  0x00000203d4880570 JavaThread "Unconstrained build operations Thread 40" [_thread_blocked, id=15124, stack(0x000000d4f5900000,0x000000d4f5a00000)]
  0x00000203d4886a80 JavaThread "Unconstrained build operations Thread 41" [_thread_blocked, id=8352, stack(0x000000d4f5a00000,0x000000d4f5b00000)]
  0x00000203d4880a40 JavaThread "Unconstrained build operations Thread 42" [_thread_blocked, id=15140, stack(0x000000d4f5b00000,0x000000d4f5c00000)]
  0x00000203d4882720 JavaThread "Unconstrained build operations Thread 43" [_thread_blocked, id=22824, stack(0x000000d4f5c00000,0x000000d4f5d00000)]
  0x00000203d4883590 JavaThread "Unconstrained build operations Thread 44" [_thread_blocked, id=14660, stack(0x000000d4f5d00000,0x000000d4f5e00000)]
  0x00000203d4882250 JavaThread "Unconstrained build operations Thread 45" [_thread_blocked, id=22332, stack(0x000000d4f5e00000,0x000000d4f5f00000)]
  0x00000203d4880f10 JavaThread "Unconstrained build operations Thread 46" [_thread_blocked, id=16300, stack(0x000000d4f5f00000,0x000000d4f6000000)]
  0x00000203d48813e0 JavaThread "Unconstrained build operations Thread 47" [_thread_blocked, id=21368, stack(0x000000d4f6000000,0x000000d4f6100000)]
  0x00000203d487fbd0 JavaThread "Unconstrained build operations Thread 48" [_thread_blocked, id=11652, stack(0x000000d4f6100000,0x000000d4f6200000)]
  0x00000203d48818b0 JavaThread "Unconstrained build operations Thread 49" [_thread_blocked, id=4356, stack(0x000000d4f6200000,0x000000d4f6300000)]
  0x00000203d4881d80 JavaThread "Unconstrained build operations Thread 50" [_thread_blocked, id=26404, stack(0x000000d4f6300000,0x000000d4f6400000)]
  0x00000203d4883a60 JavaThread "Unconstrained build operations Thread 51" [_thread_blocked, id=772, stack(0x000000d4f6400000,0x000000d4f6500000)]
  0x00000203d4882bf0 JavaThread "Unconstrained build operations Thread 52" [_thread_blocked, id=16500, stack(0x000000d4f6500000,0x000000d4f6600000)]
  0x00000203d4883f30 JavaThread "Unconstrained build operations Thread 53" [_thread_blocked, id=25920, stack(0x000000d4f6600000,0x000000d4f6700000)]
  0x00000203d4884400 JavaThread "Unconstrained build operations Thread 54" [_thread_blocked, id=23468, stack(0x000000d4f6700000,0x000000d4f6800000)]
  0x00000203d48865b0 JavaThread "Unconstrained build operations Thread 55" [_thread_blocked, id=16708, stack(0x000000d4f6800000,0x000000d4f6900000)]
  0x00000203d48830c0 JavaThread "Unconstrained build operations Thread 56" [_thread_blocked, id=11896, stack(0x000000d4f6900000,0x000000d4f6a00000)]
  0x00000203d487f700 JavaThread "Unconstrained build operations Thread 57" [_thread_blocked, id=15008, stack(0x000000d4f6a00000,0x000000d4f6b00000)]
  0x00000203d48848d0 JavaThread "Unconstrained build operations Thread 58" [_thread_blocked, id=26540, stack(0x000000d4f6b00000,0x000000d4f6c00000)]
  0x00000203d4884da0 JavaThread "Unconstrained build operations Thread 59" [_thread_blocked, id=10320, stack(0x000000d4f6c00000,0x000000d4f6d00000)]
  0x00000203d4885270 JavaThread "Unconstrained build operations Thread 60" [_thread_blocked, id=14844, stack(0x000000d4f6d00000,0x000000d4f6e00000)]
  0x00000203d48800a0 JavaThread "Unconstrained build operations Thread 61" [_thread_blocked, id=11044, stack(0x000000d4f6e00000,0x000000d4f6f00000)]
  0x00000203d4885740 JavaThread "Unconstrained build operations Thread 62" [_thread_blocked, id=12416, stack(0x000000d4f6f00000,0x000000d4f7000000)]
  0x00000203d4885c10 JavaThread "Unconstrained build operations Thread 63" [_thread_blocked, id=12280, stack(0x000000d4f7000000,0x000000d4f7100000)]
  0x00000203d48860e0 JavaThread "Unconstrained build operations Thread 64" [_thread_blocked, id=25684, stack(0x000000d4f7100000,0x000000d4f7200000)]
  0x00000203d4886f50 JavaThread "Unconstrained build operations Thread 65" [_thread_blocked, id=22992, stack(0x000000d4f7200000,0x000000d4f7300000)]
  0x00000203d5747320 JavaThread "Unconstrained build operations Thread 66" [_thread_blocked, id=22504, stack(0x000000d4f7300000,0x000000d4f7400000)]
  0x00000203d5744ca0 JavaThread "Unconstrained build operations Thread 67" [_thread_blocked, id=21536, stack(0x000000d4f7400000,0x000000d4f7500000)]
  0x00000203d5747cc0 JavaThread "Unconstrained build operations Thread 68" [_thread_blocked, id=12984, stack(0x000000d4f7500000,0x000000d4f7600000)]
  0x00000203d5745170 JavaThread "Unconstrained build operations Thread 69" [_thread_blocked, id=25636, stack(0x000000d4f7600000,0x000000d4f7700000)]
  0x00000203d5745640 JavaThread "Unconstrained build operations Thread 70" [_thread_blocked, id=24904, stack(0x000000d4f7700000,0x000000d4f7800000)]
  0x00000203d5749e70 JavaThread "Unconstrained build operations Thread 71" [_thread_blocked, id=2188, stack(0x000000d4f7800000,0x000000d4f7900000)]
  0x00000203d57499a0 JavaThread "Unconstrained build operations Thread 72" [_thread_blocked, id=17464, stack(0x000000d4f7900000,0x000000d4f7a00000)]
  0x00000203d574a340 JavaThread "Unconstrained build operations Thread 73" [_thread_blocked, id=25308, stack(0x000000d4f7a00000,0x000000d4f7b00000)]
  0x00000203d57477f0 JavaThread "Unconstrained build operations Thread 74" [_thread_blocked, id=15240, stack(0x000000d4f7b00000,0x000000d4f7c00000)]
  0x00000203d574a810 JavaThread "Unconstrained build operations Thread 75" [_thread_blocked, id=15272, stack(0x000000d4f7c00000,0x000000d4f7d00000)]
  0x00000203d5742fc0 JavaThread "Unconstrained build operations Thread 76" [_thread_blocked, id=18416, stack(0x000000d4f7d00000,0x000000d4f7e00000)]
  0x00000203d5743490 JavaThread "Unconstrained build operations Thread 77" [_thread_blocked, id=25652, stack(0x000000d4f7e00000,0x000000d4f7f00000)]
  0x00000203d5749000 JavaThread "Unconstrained build operations Thread 78" [_thread_blocked, id=19720, stack(0x000000d4f7f00000,0x000000d4f8000000)]
  0x00000203d57464b0 JavaThread "Unconstrained build operations Thread 79" [_thread_blocked, id=18348, stack(0x000000d4f8000000,0x000000d4f8100000)]
  0x00000203d5746980 JavaThread "Unconstrained build operations Thread 80" [_thread_blocked, id=26424, stack(0x000000d4f8100000,0x000000d4f8200000)]
  0x00000203d5745b10 JavaThread "jar transforms Thread 6" [_thread_blocked, id=8988, stack(0x000000d4f8300000,0x000000d4f8400000)]
  0x00000203d5743e30 JavaThread "jar transforms Thread 7" [_thread_blocked, id=21456, stack(0x000000d4f8400000,0x000000d4f8500000)]
  0x00000203d5745fe0 JavaThread "jar transforms Thread 8" [_thread_blocked, id=16568, stack(0x000000d4f8500000,0x000000d4f8600000)]
  0x00000203d5744300 JavaThread "build event listener" [_thread_blocked, id=8288, stack(0x000000d4f8600000,0x000000d4f8700000)]
  0x00000203d5746e50 JavaThread "Memory manager" [_thread_blocked, id=1532, stack(0x000000d4f8700000,0x000000d4f8800000)]
  0x00000203d5748660 JavaThread "included builds" [_thread_blocked, id=3232, stack(0x000000d4f8a00000,0x000000d4f8b00000)]
  0x00000203d57494d0 JavaThread "Execution worker" [_thread_blocked, id=17116, stack(0x000000d4f8b00000,0x000000d4f8c00000)]
  0x00000203d5748b30 JavaThread "Execution worker Thread 2" [_thread_blocked, id=20704, stack(0x000000d4f8c00000,0x000000d4f8d00000)]
  0x00000203d5743960 JavaThread "Execution worker Thread 3" [_thread_blocked, id=8120, stack(0x000000d4f8d00000,0x000000d4f8e00000)]
  0x00000203d8b0f1a0 JavaThread "Execution worker Thread 4" [_thread_blocked, id=13392, stack(0x000000d4f8e00000,0x000000d4f8f00000)]
  0x00000203d8b0f670 JavaThread "Execution worker Thread 5" [_thread_blocked, id=11676, stack(0x000000d4f8f00000,0x000000d4f9000000)]
  0x00000203d8b0bcb0 JavaThread "Execution worker Thread 6" [_thread_blocked, id=9016, stack(0x000000d4f9000000,0x000000d4f9100000)]
  0x00000203d8b07e20 JavaThread "Execution worker Thread 7" [_thread_blocked, id=13900, stack(0x000000d4f9100000,0x000000d4f9200000)]
  0x00000203d8b0d4c0 JavaThread "Cache worker for execution history cache (D:\AndroidStudioProjects\Businix\.gradle\8.0\executionHistory)" [_thread_blocked, id=18520, stack(0x000000d4f9200000,0x000000d4f9300000)]
  0x00000203db454ef0 JavaThread "WorkerExecutor Queue" [_thread_blocked, id=10972, stack(0x000000d4f9300000,0x000000d4f9400000)]
  0x00000203db4553c0 JavaThread "WorkerExecutor Queue Thread 2" [_thread_blocked, id=2020, stack(0x000000d4f9400000,0x000000d4f9500000)]
  0x00000203db454a20 JavaThread "WorkerExecutor Queue Thread 3" [_thread_blocked, id=17256, stack(0x000000d4f9500000,0x000000d4f9600000)]
  0x00000203d567c1e0 JavaThread "WorkerExecutor Queue Thread 4" [_thread_blocked, id=15288, stack(0x000000d4f9600000,0x000000d4f9700000)]
  0x00000203da5b8040 JavaThread "WorkerExecutor Queue Thread 5" [_thread_blocked, id=3300, stack(0x000000d4f9800000,0x000000d4f9900000)]
  0x00000203d8b0ae40 JavaThread "pool-3-thread-1" [_thread_blocked, id=22956, stack(0x000000d4f9a00000,0x000000d4f9b00000)]
  0x00000203d396b3b0 JavaThread "stderr" [_thread_in_native, id=17792, stack(0x000000d4f9b00000,0x000000d4f9c00000)]
  0x00000203d396b880 JavaThread "stdout" [_thread_in_native, id=25852, stack(0x000000d4f9c00000,0x000000d4f9d00000)]
  0x00000203d73a51d0 JavaThread "C2 CompilerThread1" daemon [_thread_blocked, id=18568, stack(0x000000d4f9d00000,0x000000d4f9e00000)]

Other Threads:
=>0x00000203d2450950 VMThread "VM Thread" [stack: 0x000000d4eff00000,0x000000d4f0000000] [id=15708]
  0x00000203b866d510 WatcherThread [stack: 0x000000d4f0b00000,0x000000d4f0c00000] [id=20020]
  0x00000203b8648390 GCTaskThread "GC Thread#0" [stack: 0x000000d4efa00000,0x000000d4efb00000] [id=20764]
  0x00000203d3462d00 GCTaskThread "GC Thread#1" [stack: 0x000000d4f0d00000,0x000000d4f0e00000] [id=19972]
  0x00000203d3ce5750 GCTaskThread "GC Thread#2" [stack: 0x000000d4f0e00000,0x000000d4f0f00000] [id=14992]
  0x00000203d3bfec00 GCTaskThread "GC Thread#3" [stack: 0x000000d4f0f00000,0x000000d4f1000000] [id=19960]
  0x00000203d33127e0 GCTaskThread "GC Thread#4" [stack: 0x000000d4f1000000,0x000000d4f1100000] [id=4640]
  0x00000203d55a0b50 GCTaskThread "GC Thread#5" [stack: 0x000000d4f0c00000,0x000000d4f0d00000] [id=15316]
  0x00000203d4761670 GCTaskThread "GC Thread#6" [stack: 0x000000d4f1b00000,0x000000d4f1c00000] [id=17772]
  0x00000203d48299e0 GCTaskThread "GC Thread#7" [stack: 0x000000d4f1c00000,0x000000d4f1d00000] [id=14912]
  0x00000203b8659330 ConcurrentGCThread "G1 Main Marker" [stack: 0x000000d4efb00000,0x000000d4efc00000] [id=24204]
  0x00000203b865a3e0 ConcurrentGCThread "G1 Conc#0" [stack: 0x000000d4efc00000,0x000000d4efd00000] [id=17444]
  0x00000203d58b0110 ConcurrentGCThread "G1 Conc#1" [stack: 0x000000d4f1d00000,0x000000d4f1e00000] [id=22844]
  0x00000203b86ae880 ConcurrentGCThread "G1 Refine#0" [stack: 0x000000d4efd00000,0x000000d4efe00000] [id=16172]
  0x00000203d54e90a0 ConcurrentGCThread "G1 Refine#1" [stack: 0x000000d4f2c00000,0x000000d4f2d00000] [id=13272]
  0x00000203d8ba5930 ConcurrentGCThread "G1 Refine#2" [stack: 0x000000d4f8200000,0x000000d4f8300000] [id=20012]
  0x00000203d8ba2850 ConcurrentGCThread "G1 Refine#3" [stack: 0x000000d4f8800000,0x000000d4f8900000] [id=4288]
  0x00000203d8ba47f0 ConcurrentGCThread "G1 Refine#4" [stack: 0x000000d4f8900000,0x000000d4f8a00000] [id=3484]
  0x00000203d22a55d0 ConcurrentGCThread "G1 Service" [stack: 0x000000d4efe00000,0x000000d4eff00000] [id=22012]

Threads with active compile tasks:
C2 CompilerThread0    35608 12673       4       com.android.ide.common.symbols.SymbolIo$ReadConfiguration$1::parseLine (5 bytes)
C2 CompilerThread1    35608 12724       4       com.google.common.collect.ImmutableSet$RegularSetBuilderImpl::insertInHashTable (125 bytes)

VM state: at safepoint (normal execution)

VM Mutex/Monitor currently owned by a thread:  ([mutex/lock_event])
[0x00000203b85e8670] Threads_lock - owner thread: 0x00000203d2450950
[0x00000203b85e9000] Heap_lock - owner thread: 0x00000203d567c1e0

Heap address: 0x0000000080000000, size: 2048 MB, Compressed Oops mode: 32-bit

CDS archive(s) not mapped
Compressed class space mapped at: 0x0000000100000000-0x0000000140000000, reserved size: 1073741824
Narrow klass base: 0x0000000000000000, Narrow klass shift: 3, Narrow klass range: 0x140000000

GC Precious Log:
 CPUs: 8 total, 8 available
 Memory: 8079M
 Large Page Support: Disabled
 NUMA Support: Disabled
 Compressed Oops: Enabled (32-bit)
 Heap Region Size: 1M
 Heap Min Capacity: 8M
 Heap Initial Capacity: 128M
 Heap Max Capacity: 2G
 Pre-touch: Disabled
 Parallel Workers: 8
 Concurrent Workers: 2
 Concurrent Refinement Workers: 8
 Periodic GC: Disabled

Heap:
 garbage-first heap   total 188416K, used 109920K [0x0000000080000000, 0x0000000100000000)
  region size 1024K, 7 young (7168K), 7 survivors (7168K)
 Metaspace       used 102283K, committed 102976K, reserved 1138688K
  class space    used 13801K, committed 14080K, reserved 1048576K

Heap Regions: E=young(eden), S=young(survivor), O=old, HS=humongous(starts), HC=humongous(continues), CS=collection set, F=free, OA=open archive, CA=closed archive, TAMS=top-at-mark-start (previous, next)
|   0|0x0000000080000000, 0x0000000080100000, 0x0000000080100000|100%|HS|  |TAMS 0x0000000080100000, 0x0000000080100000| Complete 
|   1|0x0000000080100000, 0x0000000080200000, 0x0000000080200000|100%|HC|  |TAMS 0x0000000080200000, 0x0000000080200000| Complete 
|   2|0x0000000080200000, 0x0000000080300000, 0x0000000080300000|100%|HC|  |TAMS 0x0000000080300000, 0x0000000080300000| Complete 
|   3|0x0000000080300000, 0x0000000080400000, 0x0000000080400000|100%|HC|  |TAMS 0x0000000080400000, 0x0000000080400000| Complete 
|   4|0x0000000080400000, 0x0000000080500000, 0x0000000080500000|100%| O|  |TAMS 0x0000000080500000, 0x0000000080500000| Untracked 
|   5|0x0000000080500000, 0x0000000080600000, 0x0000000080600000|100%| O|  |TAMS 0x0000000080600000, 0x0000000080600000| Untracked 
|   6|0x0000000080600000, 0x0000000080700000, 0x0000000080700000|100%| O|  |TAMS 0x0000000080700000, 0x0000000080700000| Untracked 
|   7|0x0000000080700000, 0x0000000080800000, 0x0000000080800000|100%| O|  |TAMS 0x0000000080800000, 0x0000000080800000| Untracked 
|   8|0x0000000080800000, 0x0000000080900000, 0x0000000080900000|100%| O|  |TAMS 0x0000000080900000, 0x0000000080900000| Untracked 
|   9|0x0000000080900000, 0x0000000080a00000, 0x0000000080a00000|100%| O|  |TAMS 0x0000000080a00000, 0x0000000080a00000| Untracked 
|  10|0x0000000080a00000, 0x0000000080b00000, 0x0000000080b00000|100%| O|  |TAMS 0x0000000080b00000, 0x0000000080b00000| Untracked 
|  11|0x0000000080b00000, 0x0000000080c00000, 0x0000000080c00000|100%| O|  |TAMS 0x0000000080c00000, 0x0000000080c00000| Untracked 
|  12|0x0000000080c00000, 0x0000000080d00000, 0x0000000080d00000|100%| O|  |TAMS 0x0000000080d00000, 0x0000000080d00000| Untracked 
|  13|0x0000000080d00000, 0x0000000080e00000, 0x0000000080e00000|100%| O|  |TAMS 0x0000000080e00000, 0x0000000080e00000| Untracked 
|  14|0x0000000080e00000, 0x0000000080f00000, 0x0000000080f00000|100%| O|  |TAMS 0x0000000080f00000, 0x0000000080f00000| Untracked 
|  15|0x0000000080f00000, 0x0000000081000000, 0x0000000081000000|100%| O|  |TAMS 0x0000000081000000, 0x0000000081000000| Untracked 
|  16|0x0000000081000000, 0x0000000081100000, 0x0000000081100000|100%| O|  |TAMS 0x0000000081100000, 0x0000000081100000| Untracked 
|  17|0x0000000081100000, 0x0000000081200000, 0x0000000081200000|100%| O|  |TAMS 0x0000000081200000, 0x0000000081200000| Untracked 
|  18|0x0000000081200000, 0x0000000081300000, 0x0000000081300000|100%| O|  |TAMS 0x0000000081300000, 0x0000000081300000| Untracked 
|  19|0x0000000081300000, 0x0000000081400000, 0x0000000081400000|100%| O|  |TAMS 0x0000000081400000, 0x0000000081400000| Untracked 
|  20|0x0000000081400000, 0x0000000081500000, 0x0000000081500000|100%| O|  |TAMS 0x0000000081500000, 0x0000000081500000| Untracked 
|  21|0x0000000081500000, 0x0000000081600000, 0x0000000081600000|100%| O|  |TAMS 0x0000000081600000, 0x0000000081600000| Untracked 
|  22|0x0000000081600000, 0x0000000081700000, 0x0000000081700000|100%| O|  |TAMS 0x0000000081700000, 0x0000000081700000| Untracked 
|  23|0x0000000081700000, 0x0000000081800000, 0x0000000081800000|100%| O|  |TAMS 0x0000000081800000, 0x0000000081800000| Untracked 
|  24|0x0000000081800000, 0x0000000081900000, 0x0000000081900000|100%| O|  |TAMS 0x0000000081900000, 0x0000000081900000| Untracked 
|  25|0x0000000081900000, 0x0000000081a00000, 0x0000000081a00000|100%| O|  |TAMS 0x0000000081a00000, 0x0000000081a00000| Untracked 
|  26|0x0000000081a00000, 0x0000000081b00000, 0x0000000081b00000|100%| O|  |TAMS 0x0000000081b00000, 0x0000000081b00000| Untracked 
|  27|0x0000000081b00000, 0x0000000081c00000, 0x0000000081c00000|100%| O|  |TAMS 0x0000000081c00000, 0x0000000081c00000| Untracked 
|  28|0x0000000081c00000, 0x0000000081d00000, 0x0000000081d00000|100%| O|  |TAMS 0x0000000081d00000, 0x0000000081d00000| Untracked 
|  29|0x0000000081d00000, 0x0000000081e00000, 0x0000000081e00000|100%| O|  |TAMS 0x0000000081e00000, 0x0000000081e00000| Untracked 
|  30|0x0000000081e00000, 0x0000000081f00000, 0x0000000081f00000|100%| O|  |TAMS 0x0000000081f00000, 0x0000000081f00000| Untracked 
|  31|0x0000000081f00000, 0x0000000082000000, 0x0000000082000000|100%| O|  |TAMS 0x0000000082000000, 0x0000000082000000| Untracked 
|  32|0x0000000082000000, 0x0000000082100000, 0x0000000082100000|100%| O|  |TAMS 0x0000000082100000, 0x0000000082100000| Untracked 
|  33|0x0000000082100000, 0x0000000082200000, 0x0000000082200000|100%|HS|  |TAMS 0x0000000082200000, 0x0000000082200000| Complete 
|  34|0x0000000082200000, 0x0000000082300000, 0x0000000082300000|100%|HS|  |TAMS 0x0000000082300000, 0x0000000082300000| Complete 
|  35|0x0000000082300000, 0x0000000082400000, 0x0000000082400000|100%| O|  |TAMS 0x0000000082400000, 0x0000000082400000| Untracked 
|  36|0x0000000082400000, 0x0000000082500000, 0x0000000082500000|100%| O|  |TAMS 0x0000000082500000, 0x0000000082500000| Untracked 
|  37|0x0000000082500000, 0x0000000082600000, 0x0000000082600000|100%| O|  |TAMS 0x0000000082600000, 0x0000000082600000| Untracked 
|  38|0x0000000082600000, 0x0000000082700000, 0x0000000082700000|100%| O|  |TAMS 0x0000000082700000, 0x0000000082700000| Untracked 
|  39|0x0000000082700000, 0x0000000082800000, 0x0000000082800000|100%| O|  |TAMS 0x0000000082800000, 0x0000000082800000| Untracked 
|  40|0x0000000082800000, 0x0000000082900000, 0x0000000082900000|100%| O|  |TAMS 0x0000000082900000, 0x0000000082900000| Untracked 
|  41|0x0000000082900000, 0x0000000082a00000, 0x0000000082a00000|100%| O|  |TAMS 0x0000000082a00000, 0x0000000082a00000| Untracked 
|  42|0x0000000082a00000, 0x0000000082b00000, 0x0000000082b00000|100%| O|  |TAMS 0x0000000082b00000, 0x0000000082b00000| Untracked 
|  43|0x0000000082b00000, 0x0000000082c00000, 0x0000000082c00000|100%| O|  |TAMS 0x0000000082c00000, 0x0000000082c00000| Untracked 
|  44|0x0000000082c00000, 0x0000000082d00000, 0x0000000082d00000|100%| O|  |TAMS 0x0000000082d00000, 0x0000000082d00000| Untracked 
|  45|0x0000000082d00000, 0x0000000082e00000, 0x0000000082e00000|100%| O|  |TAMS 0x0000000082e00000, 0x0000000082e00000| Untracked 
|  46|0x0000000082e00000, 0x0000000082f00000, 0x0000000082f00000|100%| O|  |TAMS 0x0000000082f00000, 0x0000000082f00000| Untracked 
|  47|0x0000000082f00000, 0x0000000083000000, 0x0000000083000000|100%| O|  |TAMS 0x0000000083000000, 0x0000000083000000| Untracked 
|  48|0x0000000083000000, 0x0000000083100000, 0x0000000083100000|100%| O|  |TAMS 0x0000000083100000, 0x0000000083100000| Untracked 
|  49|0x0000000083100000, 0x0000000083200000, 0x0000000083200000|100%| O|  |TAMS 0x0000000083200000, 0x0000000083200000| Untracked 
|  50|0x0000000083200000, 0x0000000083300000, 0x0000000083300000|100%| O|  |TAMS 0x0000000083300000, 0x0000000083300000| Untracked 
|  51|0x0000000083300000, 0x0000000083400000, 0x0000000083400000|100%| O|  |TAMS 0x0000000083400000, 0x0000000083400000| Untracked 
|  52|0x0000000083400000, 0x0000000083500000, 0x0000000083500000|100%| O|  |TAMS 0x0000000083500000, 0x0000000083500000| Untracked 
|  53|0x0000000083500000, 0x0000000083600000, 0x0000000083600000|100%| O|  |TAMS 0x0000000083600000, 0x0000000083600000| Untracked 
|  54|0x0000000083600000, 0x0000000083700000, 0x0000000083700000|100%| O|  |TAMS 0x0000000083700000, 0x0000000083700000| Untracked 
|  55|0x0000000083700000, 0x0000000083800000, 0x0000000083800000|100%| O|  |TAMS 0x0000000083800000, 0x0000000083800000| Untracked 
|  56|0x0000000083800000, 0x0000000083900000, 0x0000000083900000|100%| O|  |TAMS 0x0000000083900000, 0x0000000083900000| Untracked 
|  57|0x0000000083900000, 0x0000000083a00000, 0x0000000083a00000|100%| O|  |TAMS 0x0000000083a00000, 0x0000000083a00000| Untracked 
|  58|0x0000000083a00000, 0x0000000083b00000, 0x0000000083b00000|100%| O|  |TAMS 0x0000000083b00000, 0x0000000083b00000| Untracked 
|  59|0x0000000083b00000, 0x0000000083c00000, 0x0000000083c00000|100%| O|  |TAMS 0x0000000083c00000, 0x0000000083c00000| Untracked 
|  60|0x0000000083c00000, 0x0000000083d00000, 0x0000000083d00000|100%| O|  |TAMS 0x0000000083d00000, 0x0000000083d00000| Untracked 
|  61|0x0000000083d00000, 0x0000000083e00000, 0x0000000083e00000|100%| O|  |TAMS 0x0000000083e00000, 0x0000000083e00000| Untracked 
|  62|0x0000000083e00000, 0x0000000083f00000, 0x0000000083f00000|100%| O|  |TAMS 0x0000000083f00000, 0x0000000083f00000| Untracked 
|  63|0x0000000083f00000, 0x0000000084000000, 0x0000000084000000|100%| O|  |TAMS 0x0000000084000000, 0x0000000084000000| Untracked 
|  64|0x0000000084000000, 0x0000000084100000, 0x0000000084100000|100%| O|  |TAMS 0x0000000084100000, 0x0000000084100000| Untracked 
|  65|0x0000000084100000, 0x0000000084200000, 0x0000000084200000|100%| O|  |TAMS 0x0000000084200000, 0x0000000084200000| Untracked 
|  66|0x0000000084200000, 0x0000000084300000, 0x0000000084300000|100%| O|  |TAMS 0x0000000084300000, 0x0000000084300000| Untracked 
|  67|0x0000000084300000, 0x0000000084400000, 0x0000000084400000|100%| O|  |TAMS 0x0000000084400000, 0x0000000084400000| Untracked 
|  68|0x0000000084400000, 0x0000000084500000, 0x0000000084500000|100%| O|  |TAMS 0x0000000084500000, 0x0000000084500000| Untracked 
|  69|0x0000000084500000, 0x0000000084600000, 0x0000000084600000|100%| O|  |TAMS 0x0000000084600000, 0x0000000084600000| Untracked 
|  70|0x0000000084600000, 0x0000000084700000, 0x0000000084700000|100%| O|  |TAMS 0x0000000084700000, 0x0000000084700000| Untracked 
|  71|0x0000000084700000, 0x0000000084800000, 0x0000000084800000|100%| O|  |TAMS 0x0000000084800000, 0x0000000084800000| Untracked 
|  72|0x0000000084800000, 0x0000000084900000, 0x0000000084900000|100%| O|  |TAMS 0x0000000084900000, 0x0000000084900000| Untracked 
|  73|0x0000000084900000, 0x0000000084a00000, 0x0000000084a00000|100%| O|  |TAMS 0x0000000084a00000, 0x0000000084a00000| Untracked 
|  74|0x0000000084a00000, 0x0000000084b00000, 0x0000000084b00000|100%| O|  |TAMS 0x0000000084b00000, 0x0000000084b00000| Untracked 
|  75|0x0000000084b00000, 0x0000000084c00000, 0x0000000084c00000|100%| O|  |TAMS 0x0000000084c00000, 0x0000000084c00000| Untracked 
|  76|0x0000000084c00000, 0x0000000084d00000, 0x0000000084d00000|100%| O|  |TAMS 0x0000000084d00000, 0x0000000084d00000| Untracked 
|  77|0x0000000084d00000, 0x0000000084d58200, 0x0000000084e00000| 34%| O|  |TAMS 0x0000000084d00000, 0x0000000084d00000| Untracked 
|  78|0x0000000084e00000, 0x0000000084e00000, 0x0000000084f00000|  0%| F|  |TAMS 0x0000000084e00000, 0x0000000084e00000| Untracked 
|  79|0x0000000084f00000, 0x0000000085000000, 0x0000000085000000|100%| O|  |TAMS 0x0000000084f00000, 0x0000000085000000| Untracked 
|  80|0x0000000085000000, 0x0000000085000000, 0x0000000085100000|  0%| F|  |TAMS 0x0000000085000000, 0x0000000085000000| Untracked 
|  81|0x0000000085100000, 0x0000000085100000, 0x0000000085200000|  0%| F|  |TAMS 0x0000000085100000, 0x0000000085100000| Untracked 
|  82|0x0000000085200000, 0x0000000085300000, 0x0000000085300000|100%| O|  |TAMS 0x0000000085200000, 0x0000000085300000| Untracked 
|  83|0x0000000085300000, 0x0000000085400000, 0x0000000085400000|100%| O|  |TAMS 0x0000000085400000, 0x0000000085400000| Untracked 
|  84|0x0000000085400000, 0x0000000085500000, 0x0000000085500000|100%| O|  |TAMS 0x0000000085500000, 0x0000000085500000| Untracked 
|  85|0x0000000085500000, 0x0000000085600000, 0x0000000085600000|100%| O|  |TAMS 0x0000000085600000, 0x0000000085600000| Untracked 
|  86|0x0000000085600000, 0x0000000085700000, 0x0000000085700000|100%| O|  |TAMS 0x0000000085700000, 0x0000000085700000| Untracked 
|  87|0x0000000085700000, 0x0000000085800000, 0x0000000085800000|100%| O|  |TAMS 0x0000000085800000, 0x0000000085800000| Untracked 
|  88|0x0000000085800000, 0x0000000085900000, 0x0000000085900000|100%| O|  |TAMS 0x0000000085900000, 0x0000000085900000| Untracked 
|  89|0x0000000085900000, 0x0000000085a00000, 0x0000000085a00000|100%| O|  |TAMS 0x0000000085a00000, 0x0000000085a00000| Untracked 
|  90|0x0000000085a00000, 0x0000000085b00000, 0x0000000085b00000|100%| O|  |TAMS 0x0000000085b00000, 0x0000000085b00000| Untracked 
|  91|0x0000000085b00000, 0x0000000085c00000, 0x0000000085c00000|100%| O|  |TAMS 0x0000000085c00000, 0x0000000085c00000| Untracked 
|  92|0x0000000085c00000, 0x0000000085d00000, 0x0000000085d00000|100%| O|  |TAMS 0x0000000085d00000, 0x0000000085d00000| Untracked 
|  93|0x0000000085d00000, 0x0000000085e00000, 0x0000000085e00000|100%| O|  |TAMS 0x0000000085e00000, 0x0000000085e00000| Untracked 
|  94|0x0000000085e00000, 0x0000000085f00000, 0x0000000085f00000|100%| O|  |TAMS 0x0000000085f00000, 0x0000000085f00000| Untracked 
|  95|0x0000000085f00000, 0x0000000086000000, 0x0000000086000000|100%| O|  |TAMS 0x0000000086000000, 0x0000000086000000| Untracked 
|  96|0x0000000086000000, 0x0000000086100000, 0x0000000086100000|100%| O|  |TAMS 0x0000000086100000, 0x0000000086100000| Untracked 
|  97|0x0000000086100000, 0x0000000086200000, 0x0000000086200000|100%| O|  |TAMS 0x00000000861ff000, 0x0000000086200000| Untracked 
|  98|0x0000000086200000, 0x0000000086300000, 0x0000000086300000|100%| O|  |TAMS 0x0000000086200000, 0x0000000086300000| Untracked 
|  99|0x0000000086300000, 0x0000000086400000, 0x0000000086400000|100%| O|  |TAMS 0x0000000086300000, 0x0000000086400000| Untracked 
| 100|0x0000000086400000, 0x0000000086500000, 0x0000000086500000|100%| O|  |TAMS 0x0000000086400000, 0x0000000086500000| Untracked 
| 101|0x0000000086500000, 0x0000000086600000, 0x0000000086600000|100%| O|  |TAMS 0x0000000086500000, 0x0000000086600000| Untracked 
| 102|0x0000000086600000, 0x0000000086700000, 0x0000000086700000|100%| O|  |TAMS 0x0000000086600000, 0x00000000866c8400| Untracked 
| 103|0x0000000086700000, 0x0000000086700000, 0x0000000086800000|  0%| F|  |TAMS 0x0000000086700000, 0x0000000086700000| Untracked 
| 104|0x0000000086800000, 0x0000000086800000, 0x0000000086900000|  0%| F|  |TAMS 0x0000000086800000, 0x0000000086800000| Untracked 
| 105|0x0000000086900000, 0x0000000086900000, 0x0000000086a00000|  0%| F|  |TAMS 0x0000000086900000, 0x0000000086900000| Untracked 
| 106|0x0000000086a00000, 0x0000000086a00000, 0x0000000086b00000|  0%| F|  |TAMS 0x0000000086a00000, 0x0000000086a00000| Untracked 
| 107|0x0000000086b00000, 0x0000000086b00000, 0x0000000086c00000|  0%| F|  |TAMS 0x0000000086b00000, 0x0000000086b00000| Untracked 
| 108|0x0000000086c00000, 0x0000000086c00000, 0x0000000086d00000|  0%| F|  |TAMS 0x0000000086c00000, 0x0000000086c00000| Untracked 
| 109|0x0000000086d00000, 0x0000000086d00000, 0x0000000086e00000|  0%| F|  |TAMS 0x0000000086d00000, 0x0000000086d00000| Untracked 
| 110|0x0000000086e00000, 0x0000000086e00000, 0x0000000086f00000|  0%| F|  |TAMS 0x0000000086e00000, 0x0000000086e00000| Untracked 
| 111|0x0000000086f00000, 0x0000000086f00000, 0x0000000087000000|  0%| F|  |TAMS 0x0000000086f00000, 0x0000000086f00000| Untracked 
| 112|0x0000000087000000, 0x0000000087000000, 0x0000000087100000|  0%| F|  |TAMS 0x0000000087000000, 0x0000000087000000| Untracked 
| 113|0x0000000087100000, 0x0000000087100000, 0x0000000087200000|  0%| F|  |TAMS 0x0000000087100000, 0x0000000087100000| Untracked 
| 114|0x0000000087200000, 0x0000000087200000, 0x0000000087300000|  0%| F|  |TAMS 0x0000000087200000, 0x0000000087200000| Untracked 
| 115|0x0000000087300000, 0x0000000087300000, 0x0000000087400000|  0%| F|  |TAMS 0x0000000087300000, 0x0000000087300000| Untracked 
| 116|0x0000000087400000, 0x0000000087400000, 0x0000000087500000|  0%| F|  |TAMS 0x0000000087400000, 0x0000000087400000| Untracked 
| 117|0x0000000087500000, 0x0000000087500000, 0x0000000087600000|  0%| F|  |TAMS 0x0000000087500000, 0x0000000087500000| Untracked 
| 118|0x0000000087600000, 0x0000000087700000, 0x0000000087700000|100%| O|  |TAMS 0x0000000087700000, 0x0000000087700000| Untracked 
| 119|0x0000000087700000, 0x0000000087700000, 0x0000000087800000|  0%| F|  |TAMS 0x0000000087700000, 0x0000000087700000| Untracked 
| 120|0x0000000087800000, 0x0000000087800000, 0x0000000087900000|  0%| F|  |TAMS 0x0000000087800000, 0x0000000087800000| Untracked 
| 121|0x0000000087900000, 0x0000000087900000, 0x0000000087a00000|  0%| F|  |TAMS 0x0000000087900000, 0x0000000087900000| Untracked 
| 122|0x0000000087a00000, 0x0000000087a00000, 0x0000000087b00000|  0%| F|  |TAMS 0x0000000087a00000, 0x0000000087a00000| Untracked 
| 123|0x0000000087b00000, 0x0000000087b00000, 0x0000000087c00000|  0%| F|  |TAMS 0x0000000087b00000, 0x0000000087b00000| Untracked 
| 124|0x0000000087c00000, 0x0000000087c00000, 0x0000000087d00000|  0%| F|  |TAMS 0x0000000087c00000, 0x0000000087c00000| Untracked 
| 125|0x0000000087d00000, 0x0000000087d00000, 0x0000000087e00000|  0%| F|  |TAMS 0x0000000087d00000, 0x0000000087d00000| Untracked 
| 126|0x0000000087e00000, 0x0000000087e00000, 0x0000000087f00000|  0%| F|  |TAMS 0x0000000087e00000, 0x0000000087e00000| Untracked 
| 127|0x0000000087f00000, 0x0000000088000000, 0x0000000088000000|100%| S|CS|TAMS 0x0000000087f00000, 0x0000000087f00000| Complete 
| 128|0x0000000088000000, 0x0000000088100000, 0x0000000088100000|100%| S|CS|TAMS 0x0000000088000000, 0x0000000088000000| Complete 
| 129|0x0000000088100000, 0x0000000088200000, 0x0000000088200000|100%| S|CS|TAMS 0x0000000088100000, 0x0000000088100000| Complete 
| 130|0x0000000088200000, 0x0000000088300000, 0x0000000088300000|100%| S|CS|TAMS 0x0000000088200000, 0x0000000088200000| Complete 
| 131|0x0000000088300000, 0x0000000088400000, 0x0000000088400000|100%| S|CS|TAMS 0x0000000088300000, 0x0000000088300000| Complete 
| 132|0x0000000088400000, 0x0000000088500000, 0x0000000088500000|100%| S|CS|TAMS 0x0000000088400000, 0x0000000088400000| Complete 
| 133|0x0000000088500000, 0x0000000088600000, 0x0000000088600000|100%| S|CS|TAMS 0x0000000088500000, 0x0000000088500000| Complete 
| 134|0x0000000088600000, 0x0000000088600000, 0x0000000088700000|  0%| F|  |TAMS 0x0000000088600000, 0x0000000088600000| Untracked 
| 135|0x0000000088700000, 0x0000000088700000, 0x0000000088800000|  0%| F|  |TAMS 0x0000000088700000, 0x0000000088700000| Untracked 
| 136|0x0000000088800000, 0x0000000088800000, 0x0000000088900000|  0%| F|  |TAMS 0x0000000088800000, 0x0000000088800000| Untracked 
| 137|0x0000000088900000, 0x0000000088900000, 0x0000000088a00000|  0%| F|  |TAMS 0x0000000088900000, 0x0000000088900000| Untracked 
| 138|0x0000000088a00000, 0x0000000088a00000, 0x0000000088b00000|  0%| F|  |TAMS 0x0000000088a00000, 0x0000000088a00000| Untracked 
| 139|0x0000000088b00000, 0x0000000088b00000, 0x0000000088c00000|  0%| F|  |TAMS 0x0000000088b00000, 0x0000000088b00000| Untracked 
| 140|0x0000000088c00000, 0x0000000088c00000, 0x0000000088d00000|  0%| F|  |TAMS 0x0000000088c00000, 0x0000000088c00000| Untracked 
| 141|0x0000000088d00000, 0x0000000088d00000, 0x0000000088e00000|  0%| F|  |TAMS 0x0000000088d00000, 0x0000000088d00000| Untracked 
| 142|0x0000000088e00000, 0x0000000088e00000, 0x0000000088f00000|  0%| F|  |TAMS 0x0000000088e00000, 0x0000000088e00000| Untracked 
| 143|0x0000000088f00000, 0x0000000088f00000, 0x0000000089000000|  0%| F|  |TAMS 0x0000000088f00000, 0x0000000088f00000| Untracked 
| 144|0x0000000089000000, 0x0000000089000000, 0x0000000089100000|  0%| F|  |TAMS 0x0000000089000000, 0x0000000089000000| Untracked 
| 145|0x0000000089100000, 0x0000000089100000, 0x0000000089200000|  0%| F|  |TAMS 0x0000000089100000, 0x0000000089100000| Untracked 
| 146|0x0000000089200000, 0x0000000089200000, 0x0000000089300000|  0%| F|  |TAMS 0x0000000089200000, 0x0000000089200000| Untracked 
| 147|0x0000000089300000, 0x0000000089300000, 0x0000000089400000|  0%| F|  |TAMS 0x0000000089300000, 0x0000000089300000| Untracked 
| 148|0x0000000089400000, 0x0000000089400000, 0x0000000089500000|  0%| F|  |TAMS 0x0000000089400000, 0x0000000089400000| Untracked 
| 149|0x0000000089500000, 0x0000000089500000, 0x0000000089600000|  0%| F|  |TAMS 0x0000000089500000, 0x0000000089500000| Untracked 
| 150|0x0000000089600000, 0x0000000089600000, 0x0000000089700000|  0%| F|  |TAMS 0x0000000089600000, 0x0000000089600000| Untracked 
| 151|0x0000000089700000, 0x0000000089700000, 0x0000000089800000|  0%| F|  |TAMS 0x0000000089700000, 0x0000000089700000| Untracked 
| 152|0x0000000089800000, 0x0000000089800000, 0x0000000089900000|  0%| F|  |TAMS 0x0000000089800000, 0x0000000089800000| Untracked 
| 153|0x0000000089900000, 0x0000000089900000, 0x0000000089a00000|  0%| F|  |TAMS 0x0000000089900000, 0x0000000089900000| Untracked 
| 154|0x0000000089a00000, 0x0000000089a00000, 0x0000000089b00000|  0%| F|  |TAMS 0x0000000089a00000, 0x0000000089a00000| Untracked 
| 155|0x0000000089b00000, 0x0000000089b00000, 0x0000000089c00000|  0%| F|  |TAMS 0x0000000089b00000, 0x0000000089b00000| Untracked 
| 156|0x0000000089c00000, 0x0000000089c00000, 0x0000000089d00000|  0%| F|  |TAMS 0x0000000089c00000, 0x0000000089c00000| Untracked 
| 157|0x0000000089d00000, 0x0000000089d00000, 0x0000000089e00000|  0%| F|  |TAMS 0x0000000089d00000, 0x0000000089d00000| Untracked 
| 158|0x0000000089e00000, 0x0000000089e00000, 0x0000000089f00000|  0%| F|  |TAMS 0x0000000089e00000, 0x0000000089e00000| Untracked 
| 159|0x0000000089f00000, 0x0000000089f00000, 0x000000008a000000|  0%| F|  |TAMS 0x0000000089f00000, 0x0000000089f00000| Untracked 
| 160|0x000000008a000000, 0x000000008a000000, 0x000000008a100000|  0%| F|  |TAMS 0x000000008a000000, 0x000000008a000000| Untracked 
| 161|0x000000008a100000, 0x000000008a100000, 0x000000008a200000|  0%| F|  |TAMS 0x000000008a100000, 0x000000008a100000| Untracked 
| 162|0x000000008a200000, 0x000000008a200000, 0x000000008a300000|  0%| F|  |TAMS 0x000000008a200000, 0x000000008a200000| Untracked 
| 163|0x000000008a300000, 0x000000008a300000, 0x000000008a400000|  0%| F|  |TAMS 0x000000008a300000, 0x000000008a300000| Untracked 
| 164|0x000000008a400000, 0x000000008a400000, 0x000000008a500000|  0%| F|  |TAMS 0x000000008a400000, 0x000000008a400000| Untracked 
| 165|0x000000008a500000, 0x000000008a500000, 0x000000008a600000|  0%| F|  |TAMS 0x000000008a500000, 0x000000008a500000| Untracked 
| 166|0x000000008a600000, 0x000000008a600000, 0x000000008a700000|  0%| F|  |TAMS 0x000000008a600000, 0x000000008a600000| Untracked 
| 167|0x000000008a700000, 0x000000008a700000, 0x000000008a800000|  0%| F|  |TAMS 0x000000008a700000, 0x000000008a700000| Untracked 
| 168|0x000000008a800000, 0x000000008a800000, 0x000000008a900000|  0%| F|  |TAMS 0x000000008a800000, 0x000000008a800000| Untracked 
| 169|0x000000008a900000, 0x000000008a900000, 0x000000008aa00000|  0%| F|  |TAMS 0x000000008a900000, 0x000000008a900000| Untracked 
| 170|0x000000008aa00000, 0x000000008aa00000, 0x000000008ab00000|  0%| F|  |TAMS 0x000000008aa00000, 0x000000008aa00000| Untracked 
| 171|0x000000008ab00000, 0x000000008ab00000, 0x000000008ac00000|  0%| F|  |TAMS 0x000000008ab00000, 0x000000008ab00000| Untracked 
| 172|0x000000008ac00000, 0x000000008ac00000, 0x000000008ad00000|  0%| F|  |TAMS 0x000000008ac00000, 0x000000008ac00000| Untracked 
| 173|0x000000008ad00000, 0x000000008ad00000, 0x000000008ae00000|  0%| F|  |TAMS 0x000000008ad00000, 0x000000008ad00000| Untracked 
| 174|0x000000008ae00000, 0x000000008ae00000, 0x000000008af00000|  0%| F|  |TAMS 0x000000008ae00000, 0x000000008ae00000| Untracked 
| 175|0x000000008af00000, 0x000000008af00000, 0x000000008b000000|  0%| F|  |TAMS 0x000000008af00000, 0x000000008af00000| Untracked 
| 176|0x000000008b000000, 0x000000008b000000, 0x000000008b100000|  0%| F|  |TAMS 0x000000008b000000, 0x000000008b000000| Untracked 
| 177|0x000000008b100000, 0x000000008b100000, 0x000000008b200000|  0%| F|  |TAMS 0x000000008b100000, 0x000000008b100000| Untracked 
| 178|0x000000008b200000, 0x000000008b200000, 0x000000008b300000|  0%| F|  |TAMS 0x000000008b200000, 0x000000008b200000| Untracked 
| 179|0x000000008b300000, 0x000000008b300000, 0x000000008b400000|  0%| F|  |TAMS 0x000000008b300000, 0x000000008b300000| Untracked 
| 180|0x000000008b400000, 0x000000008b400000, 0x000000008b500000|  0%| F|  |TAMS 0x000000008b400000, 0x000000008b400000| Untracked 
| 181|0x000000008b500000, 0x000000008b500000, 0x000000008b600000|  0%| F|  |TAMS 0x000000008b500000, 0x000000008b500000| Untracked 
| 182|0x000000008b600000, 0x000000008b600000, 0x000000008b700000|  0%| F|  |TAMS 0x000000008b600000, 0x000000008b600000| Untracked 
| 183|0x000000008b700000, 0x000000008b700000, 0x000000008b800000|  0%| F|  |TAMS 0x000000008b700000, 0x000000008b700000| Untracked 

Card table byte_map: [0x00000203cb1e0000,0x00000203cb5e0000] _byte_map_base: 0x00000203cade0000

Marking Bits (Prev, Next): (CMBitMap*) 0x00000203b86488e0, (CMBitMap*) 0x00000203b86488a0
 Prev Bits: [0x00000203cd9e0000, 0x00000203cf9e0000)
 Next Bits: [0x00000203cb9e0000, 0x00000203cd9e0000)

Polling page: 0x00000203b7db0000

Metaspace:

Usage:
  Non-class:     86.41 MB used.
      Class:     13.48 MB used.
       Both:     99.89 MB used.

Virtual space:
  Non-class space:       88.00 MB reserved,      86.81 MB ( 99%) committed,  11 nodes.
      Class space:        1.00 GB reserved,      13.75 MB (  1%) committed,  1 nodes.
             Both:        1.09 GB reserved,     100.56 MB (  9%) committed. 

Chunk freelists:
   Non-Class:  432.00 KB
       Class:  2.13 MB
        Both:  2.55 MB

MaxMetaspaceSize: unlimited
CompressedClassSpaceSize: 1.00 GB
Initial GC threshold: 21.00 MB
Current GC threshold: 160.31 MB
CDS: off
MetaspaceReclaimPolicy: balanced
 - commit_granule_bytes: 65536.
 - commit_granule_words: 8192.
 - virtual_space_node_default_size: 1048576.
 - enlarge_chunks_in_place: 1.
 - new_chunks_are_fully_committed: 0.
 - uncommit_free_chunks: 1.
 - use_allocation_guard: 0.
 - handle_deallocations: 1.


Internal statistics:

num_allocs_failed_limit: 9.
num_arena_births: 978.
num_arena_deaths: 14.
num_vsnodes_births: 12.
num_vsnodes_deaths: 0.
num_space_committed: 1609.
num_space_uncommitted: 0.
num_chunks_returned_to_freelist: 28.
num_chunks_taken_from_freelist: 4637.
num_chunk_merges: 17.
num_chunk_splits: 3065.
num_chunks_enlarged: 2036.
num_purges: 2.
num_inconsistent_stats: 0.

CodeHeap 'non-profiled nmethods': size=120000Kb used=5425Kb max_used=5425Kb free=114574Kb
 bounds [0x00000203c3580000, 0x00000203c3ad0000, 0x00000203caab0000]
CodeHeap 'profiled nmethods': size=120000Kb used=21373Kb max_used=21373Kb free=98626Kb
 bounds [0x00000203bbab0000, 0x00000203bcf90000, 0x00000203c2fe0000]
CodeHeap 'non-nmethods': size=5760Kb used=2436Kb max_used=2519Kb free=3323Kb
 bounds [0x00000203c2fe0000, 0x00000203c3270000, 0x00000203c3580000]
 total_blobs=12109 nmethods=11132 adapters=887
 compilation: enabled
              stopped_count=0, restarted_count=0
 full_count=0

Compilation events (20 events):
Event: 35.519 Thread 0x00000203d3042c90 12741       3       java.lang.System$2::blockedOn (5 bytes)
Event: 35.519 Thread 0x00000203d3042c90 nmethod 12741 0x00000203bcf8e190 code [0x00000203bcf8e320, 0x00000203bcf8e468]
Event: 35.523 Thread 0x00000203d3042c90 12747       2       com.android.ide.common.symbols.SymbolIo$SymbolData::<init> (47 bytes)
Event: 35.524 Thread 0x00000203d3042c90 nmethod 12747 0x00000203bcf8e510 code [0x00000203bcf8e6c0, 0x00000203bcf8ea38]
Event: 35.525 Thread 0x00000203d3042c90 12748       2       com.android.ide.common.symbols.Symbol::styleableSymbol (13 bytes)
Event: 35.525 Thread 0x00000203d3042c90 nmethod 12748 0x00000203bcf8eb10 code [0x00000203bcf8eca0, 0x00000203bcf8edc8]
Event: 35.525 Thread 0x00000203d73a51d0 nmethod 12727 0x00000203c3acad10 code [0x00000203c3acaee0, 0x00000203c3acb598]
Event: 35.525 Thread 0x00000203d73a51d0 12724       4       com.google.common.collect.ImmutableSet$RegularSetBuilderImpl::insertInHashTable (125 bytes)
Event: 35.528 Thread 0x00000203d3042c90 12749       3       java.nio.charset.CharsetDecoder::reset (11 bytes)
Event: 35.528 Thread 0x00000203d3042c90 nmethod 12749 0x00000203bcf8ee90 code [0x00000203bcf8f020, 0x00000203bcf8f218]
Event: 35.532 Thread 0x00000203d3042c90 12752       2       com.google.common.collect.Hashing::closedTableSize (37 bytes)
Event: 35.533 Thread 0x00000203d3042c90 nmethod 12752 0x00000203bcf8f310 code [0x00000203bcf8f4c0, 0x00000203bcf8f648]
Event: 35.539 Thread 0x00000203d3042c90 12754       1       com.google.common.cache.LocalCache$StrongEntry::getValueReference (5 bytes)
Event: 35.540 Thread 0x00000203d3042c90 nmethod 12754 0x00000203c3acb990 code [0x00000203c3acbb20, 0x00000203c3acbbf8]
Event: 35.540 Thread 0x00000203d3042c90 12755       1       com.google.common.cache.LocalCache$StrongEntry::getKey (5 bytes)
Event: 35.540 Thread 0x00000203d3042c90 nmethod 12755 0x00000203c3acbc90 code [0x00000203c3acbe20, 0x00000203c3acbef8]
Event: 35.544 Thread 0x00000203d3042c90 12756       1       com.google.common.cache.LocalCache$StrongEntry::getNext (5 bytes)
Event: 35.544 Thread 0x00000203d3042c90 nmethod 12756 0x00000203c3acbf90 code [0x00000203c3acc120, 0x00000203c3acc1f8]
Event: 35.547 Thread 0x00000203d3042c90 12757       1       com.google.common.cache.LocalCache$StrongEntry::setValueReference (6 bytes)
Event: 35.547 Thread 0x00000203d3042c90 nmethod 12757 0x00000203c3acc290 code [0x00000203c3acc420, 0x00000203c3acc538]

GC Heap History (20 events):
Event: 25.223 GC heap after
{Heap after GC invocations=43 (full 0):
 garbage-first heap   total 133120K, used 76107K [0x0000000080000000, 0x0000000100000000)
  region size 1024K, 3 young (3072K), 3 survivors (3072K)
 Metaspace       used 89221K, committed 89856K, reserved 1130496K
  class space    used 12231K, committed 12544K, reserved 1048576K
}
Event: 25.598 GC heap before
{Heap before GC invocations=43 (full 0):
 garbage-first heap   total 133120K, used 106827K [0x0000000080000000, 0x0000000100000000)
  region size 1024K, 34 young (34816K), 3 survivors (3072K)
 Metaspace       used 89681K, committed 90304K, reserved 1130496K
  class space    used 12319K, committed 12608K, reserved 1048576K
}
Event: 25.603 GC heap after
{Heap after GC invocations=44 (full 0):
 garbage-first heap   total 159744K, used 78123K [0x0000000080000000, 0x0000000100000000)
  region size 1024K, 5 young (5120K), 5 survivors (5120K)
 Metaspace       used 89681K, committed 90304K, reserved 1130496K
  class space    used 12319K, committed 12608K, reserved 1048576K
}
Event: 26.371 GC heap before
{Heap before GC invocations=45 (full 0):
 garbage-first heap   total 159744K, used 128299K [0x0000000080000000, 0x0000000100000000)
  region size 1024K, 53 young (54272K), 5 survivors (5120K)
 Metaspace       used 93304K, committed 93888K, reserved 1130496K
  class space    used 12741K, committed 12992K, reserved 1048576K
}
Event: 26.389 GC heap after
{Heap after GC invocations=46 (full 0):
 garbage-first heap   total 159744K, used 93283K [0x0000000080000000, 0x0000000100000000)
  region size 1024K, 7 young (7168K), 7 survivors (7168K)
 Metaspace       used 93304K, committed 93888K, reserved 1130496K
  class space    used 12741K, committed 12992K, reserved 1048576K
}
Event: 26.400 GC heap before
{Heap before GC invocations=46 (full 0):
 garbage-first heap   total 159744K, used 94307K [0x0000000080000000, 0x0000000100000000)
  region size 1024K, 8 young (8192K), 7 survivors (7168K)
 Metaspace       used 93346K, committed 93952K, reserved 1130496K
  class space    used 12746K, committed 12992K, reserved 1048576K
}
Event: 26.408 GC heap after
{Heap after GC invocations=47 (full 0):
 garbage-first heap   total 159744K, used 94606K [0x0000000080000000, 0x0000000100000000)
  region size 1024K, 1 young (1024K), 1 survivors (1024K)
 Metaspace       used 93346K, committed 93952K, reserved 1130496K
  class space    used 12746K, committed 12992K, reserved 1048576K
}
Event: 26.684 GC heap before
{Heap before GC invocations=47 (full 0):
 garbage-first heap   total 159744K, used 116110K [0x0000000080000000, 0x0000000100000000)
  region size 1024K, 24 young (24576K), 1 survivors (1024K)
 Metaspace       used 93905K, committed 94592K, reserved 1130496K
  class space    used 12802K, committed 13120K, reserved 1048576K
}
Event: 26.696 GC heap after
{Heap after GC invocations=48 (full 0):
 garbage-first heap   total 159744K, used 103353K [0x0000000080000000, 0x0000000100000000)
  region size 1024K, 4 young (4096K), 4 survivors (4096K)
 Metaspace       used 93905K, committed 94592K, reserved 1130496K
  class space    used 12802K, committed 13120K, reserved 1048576K
}
Event: 28.109 GC heap before
{Heap before GC invocations=49 (full 0):
 garbage-first heap   total 188416K, used 140217K [0x0000000080000000, 0x0000000100000000)
  region size 1024K, 20 young (20480K), 4 survivors (4096K)
 Metaspace       used 96275K, committed 96960K, reserved 1138688K
  class space    used 13051K, committed 13376K, reserved 1048576K
}
Event: 28.121 GC heap after
{Heap after GC invocations=50 (full 0):
 garbage-first heap   total 188416K, used 104413K [0x0000000080000000, 0x0000000100000000)
  region size 1024K, 1 young (1024K), 1 survivors (1024K)
 Metaspace       used 96275K, committed 96960K, reserved 1138688K
  class space    used 13051K, committed 13376K, reserved 1048576K
}
Event: 28.377 GC heap before
{Heap before GC invocations=50 (full 0):
 garbage-first heap   total 188416K, used 111581K [0x0000000080000000, 0x0000000100000000)
  region size 1024K, 9 young (9216K), 1 survivors (1024K)
 Metaspace       used 96617K, committed 97216K, reserved 1138688K
  class space    used 13087K, committed 13376K, reserved 1048576K
}
Event: 28.381 GC heap after
{Heap after GC invocations=51 (full 0):
 garbage-first heap   total 188416K, used 104805K [0x0000000080000000, 0x0000000100000000)
  region size 1024K, 2 young (2048K), 2 survivors (2048K)
 Metaspace       used 96617K, committed 97216K, reserved 1138688K
  class space    used 13087K, committed 13376K, reserved 1048576K
}
Event: 30.795 GC heap before
{Heap before GC invocations=51 (full 0):
 garbage-first heap   total 188416K, used 146789K [0x0000000080000000, 0x0000000100000000)
  region size 1024K, 44 young (45056K), 2 survivors (2048K)
 Metaspace       used 97580K, committed 98304K, reserved 1138688K
  class space    used 13175K, committed 13504K, reserved 1048576K
}
Event: 30.802 GC heap after
{Heap after GC invocations=52 (full 0):
 garbage-first heap   total 188416K, used 107576K [0x0000000080000000, 0x0000000100000000)
  region size 1024K, 5 young (5120K), 5 survivors (5120K)
 Metaspace       used 97580K, committed 98304K, reserved 1138688K
  class space    used 13175K, committed 13504K, reserved 1048576K
}
Event: 31.571 GC heap before
{Heap before GC invocations=53 (full 0):
 garbage-first heap   total 188416K, used 148536K [0x0000000080000000, 0x0000000100000000)
  region size 1024K, 47 young (48128K), 5 survivors (5120K)
 Metaspace       used 99684K, committed 100352K, reserved 1138688K
  class space    used 13456K, committed 13760K, reserved 1048576K
}
Event: 31.580 GC heap after
{Heap after GC invocations=54 (full 0):
 garbage-first heap   total 188416K, used 109135K [0x0000000080000000, 0x0000000100000000)
  region size 1024K, 3 young (3072K), 3 survivors (3072K)
 Metaspace       used 99684K, committed 100352K, reserved 1138688K
  class space    used 13456K, committed 13760K, reserved 1048576K
}
Event: 31.632 GC heap before
{Heap before GC invocations=54 (full 0):
 garbage-first heap   total 188416K, used 114255K [0x0000000080000000, 0x0000000100000000)
  region size 1024K, 9 young (9216K), 3 survivors (3072K)
 Metaspace       used 99866K, committed 100480K, reserved 1138688K
  class space    used 13478K, committed 13760K, reserved 1048576K
}
Event: 31.638 GC heap after
{Heap after GC invocations=55 (full 0):
 garbage-first heap   total 188416K, used 102769K [0x0000000080000000, 0x0000000100000000)
  region size 1024K, 1 young (1024K), 1 survivors (1024K)
 Metaspace       used 99866K, committed 100480K, reserved 1138688K
  class space    used 13478K, committed 13760K, reserved 1048576K
}
Event: 35.548 GC heap before
{Heap before GC invocations=55 (full 0):
 garbage-first heap   total 188416K, used 151921K [0x0000000080000000, 0x0000000100000000)
  region size 1024K, 50 young (51200K), 1 survivors (1024K)
 Metaspace       used 102283K, committed 102976K, reserved 1138688K
  class space    used 13801K, committed 14080K, reserved 1048576K
}

Dll operation events (2 events):
Event: 0.025 Loaded shared library D:\Android\Android Studio\jbr\bin\java.dll
Event: 0.616 Loaded shared library D:\Android\Android Studio\jbr\bin\verify.dll

Deoptimization events (20 events):
Event: 35.504 Thread 0x00000203d567c1e0 Uncommon trap: trap_request=0xffffff45 fr.pc=0x00000203c3ac7c44 relative=0x0000000000000124
Event: 35.504 Thread 0x00000203d567c1e0 Uncommon trap: reason=unstable_if action=reinterpret pc=0x00000203c3ac7c44 method=com.google.common.collect.MapMakerInternalMap$Segment.getEntry(Ljava/lang/Object;I)Lcom/google/common/collect/MapMakerInternalMap$InternalEntry; @ 24 c2
Event: 35.504 Thread 0x00000203d567c1e0 DEOPT PACKING pc=0x00000203c3ac7c44 sp=0x000000d4f96fd020
Event: 35.504 Thread 0x00000203d567c1e0 DEOPT UNPACKING pc=0x00000203c30369a3 sp=0x000000d4f96fcfa0 mode 2
Event: 35.529 Thread 0x00000203d567c1e0 Uncommon trap: trap_request=0xffffffd6 fr.pc=0x00000203c3acb43c relative=0x000000000000055c
Event: 35.529 Thread 0x00000203d567c1e0 Uncommon trap: reason=array_check action=maybe_recompile pc=0x00000203c3acb43c method=java.util.AbstractCollection.toArray([Ljava/lang/Object;)[Ljava/lang/Object; @ 116 c2
Event: 35.529 Thread 0x00000203d567c1e0 DEOPT PACKING pc=0x00000203c3acb43c sp=0x000000d4f96fcd40
Event: 35.529 Thread 0x00000203d567c1e0 DEOPT UNPACKING pc=0x00000203c30369a3 sp=0x000000d4f96fcce0 mode 2
Event: 35.529 Thread 0x00000203d567c1e0 Uncommon trap: trap_request=0xffffffd6 fr.pc=0x00000203c3acb43c relative=0x000000000000055c
Event: 35.529 Thread 0x00000203d567c1e0 Uncommon trap: reason=array_check action=maybe_recompile pc=0x00000203c3acb43c method=java.util.AbstractCollection.toArray([Ljava/lang/Object;)[Ljava/lang/Object; @ 116 c2
Event: 35.529 Thread 0x00000203d567c1e0 DEOPT PACKING pc=0x00000203c3acb43c sp=0x000000d4f96fcd40
Event: 35.529 Thread 0x00000203d567c1e0 DEOPT UNPACKING pc=0x00000203c30369a3 sp=0x000000d4f96fcce0 mode 2
Event: 35.529 Thread 0x00000203d567c1e0 Uncommon trap: trap_request=0xffffffd6 fr.pc=0x00000203c3acb43c relative=0x000000000000055c
Event: 35.529 Thread 0x00000203d567c1e0 Uncommon trap: reason=array_check action=maybe_recompile pc=0x00000203c3acb43c method=java.util.AbstractCollection.toArray([Ljava/lang/Object;)[Ljava/lang/Object; @ 116 c2
Event: 35.529 Thread 0x00000203d567c1e0 DEOPT PACKING pc=0x00000203c3acb43c sp=0x000000d4f96fcd40
Event: 35.529 Thread 0x00000203d567c1e0 DEOPT UNPACKING pc=0x00000203c30369a3 sp=0x000000d4f96fcce0 mode 2
Event: 35.529 Thread 0x00000203d567c1e0 Uncommon trap: trap_request=0xffffffd6 fr.pc=0x00000203c3acb43c relative=0x000000000000055c
Event: 35.529 Thread 0x00000203d567c1e0 Uncommon trap: reason=array_check action=maybe_recompile pc=0x00000203c3acb43c method=java.util.AbstractCollection.toArray([Ljava/lang/Object;)[Ljava/lang/Object; @ 116 c2
Event: 35.529 Thread 0x00000203d567c1e0 DEOPT PACKING pc=0x00000203c3acb43c sp=0x000000d4f96fcd40
Event: 35.529 Thread 0x00000203d567c1e0 DEOPT UNPACKING pc=0x00000203c30369a3 sp=0x000000d4f96fcce0 mode 2

Classes unloaded (7 events):
Event: 26.853 Thread 0x00000203d2450950 Unloading class 0x0000000100c69c00 'java/lang/invoke/LambdaForm$DMH+0x0000000100c69c00'
Event: 26.853 Thread 0x00000203d2450950 Unloading class 0x0000000100c69800 'java/lang/invoke/LambdaForm$DMH+0x0000000100c69800'
Event: 26.853 Thread 0x00000203d2450950 Unloading class 0x0000000100c68c00 'java/lang/invoke/LambdaForm$DMH+0x0000000100c68c00'
Event: 26.853 Thread 0x00000203d2450950 Unloading class 0x0000000100c69400 'java/lang/invoke/LambdaForm$DMH+0x0000000100c69400'
Event: 26.853 Thread 0x00000203d2450950 Unloading class 0x0000000100c69000 'java/lang/invoke/LambdaForm$DMH+0x0000000100c69000'
Event: 26.853 Thread 0x00000203d2450950 Unloading class 0x0000000100c68800 'java/lang/invoke/LambdaForm$DMH+0x0000000100c68800'
Event: 26.854 Thread 0x00000203d2450950 Unloading class 0x0000000100c68000 'java/lang/invoke/LambdaForm$DMH+0x0000000100c68000'

Classes redefined (0 events):
No events

Internal exceptions (20 events):
Event: 30.352 Thread 0x00000203d56d5110 Implicit null exception at 0x00000203c35f5e84 to 0x00000203c35f5f90
Event: 30.571 Thread 0x00000203d56d9e10 Implicit null exception at 0x00000203c39f06c8 to 0x00000203c39f0e58
Event: 30.703 Thread 0x00000203d5748660 Exception <a 'java/lang/NoSuchMethodError'{0x00000000891338e8}: static Lcom/android/builder/internal/aapt/AaptOptions;.<clinit>()V> (0x00000000891338e8) 
thrown [s\src\hotspot\share\prims\jni.cpp, line 1108]
Event: 30.705 Thread 0x00000203d5748660 Exception <a 'java/lang/NoSuchMethodError'{0x0000000089148e08}: static Ljava/lang/Object;.<clinit>()V> (0x0000000089148e08) 
thrown [s\src\hotspot\share\prims\jni.cpp, line 1108]
Event: 30.707 Thread 0x00000203d5748660 Exception <a 'java/lang/NoSuchMethodError'{0x0000000089168fb0}: static Lcom/android/build/api/variant/impl/VariantOutputImpl$SerializedForm;.<clinit>()V> (0x0000000089168fb0) 
thrown [s\src\hotspot\share\prims\jni.cpp, line 1108]
Event: 30.709 Thread 0x00000203d5748660 Exception <a 'java/lang/NoSuchMethodError'{0x000000008917d4b0}: static Lcom/android/build/api/variant/impl/VariantOutputConfigurationImpl;.<clinit>()V> (0x000000008917d4b0) 
thrown [s\src\hotspot\share\prims\jni.cpp, line 1108]
Event: 30.735 Thread 0x00000203d8b0f670 Exception <a 'sun/nio/fs/WindowsException'{0x000000008901a6c0}> (0x000000008901a6c0) 
thrown [s\src\hotspot\share\prims\jni.cpp, line 517]
Event: 30.748 Thread 0x00000203d8b0f670 Exception <a 'java/lang/NoSuchMethodError'{0x0000000088f6ea28}: 'int java.lang.invoke.DirectMethodHandle$Holder.invokeSpecial(java.lang.Object, java.lang.Object, java.lang.Object, java.lang.Object, java.lang.Object)'> (0x0000000088f6ea28) 
thrown [s\src\hotspot\share\interpreter\linkResolver.cpp, line 771]
Event: 31.095 Thread 0x00000203d5743960 Exception <a 'sun/nio/fs/WindowsException'{0x000000008b1cb170}> (0x000000008b1cb170) 
thrown [s\src\hotspot\share\prims\jni.cpp, line 517]
Event: 31.803 Thread 0x00000203d57494d0 Exception <a 'sun/nio/fs/WindowsException'{0x000000008b7d7180}> (0x000000008b7d7180) 
thrown [s\src\hotspot\share\prims\jni.cpp, line 517]
Event: 31.899 Thread 0x00000203d5743960 Exception <a 'sun/nio/fs/WindowsException'{0x000000008a73ac78}> (0x000000008a73ac78) 
thrown [s\src\hotspot\share\prims\jni.cpp, line 517]
Event: 32.355 Thread 0x00000203d567c1e0 Exception <a 'sun/nio/fs/WindowsException'{0x0000000089813c40}> (0x0000000089813c40) 
thrown [s\src\hotspot\share\prims\jni.cpp, line 517]
Event: 32.355 Thread 0x00000203d567c1e0 Exception <a 'sun/nio/fs/WindowsException'{0x0000000089813fd0}> (0x0000000089813fd0) 
thrown [s\src\hotspot\share\prims\jni.cpp, line 517]
Event: 32.356 Thread 0x00000203d567c1e0 Exception <a 'sun/nio/fs/WindowsException'{0x0000000089814f48}> (0x0000000089814f48) 
thrown [s\src\hotspot\share\prims\jni.cpp, line 517]
Event: 32.356 Thread 0x00000203d567c1e0 Exception <a 'sun/nio/fs/WindowsException'{0x00000000898152d8}> (0x00000000898152d8) 
thrown [s\src\hotspot\share\prims\jni.cpp, line 517]
Event: 33.222 Thread 0x00000203d567c1e0 Exception <a 'java/lang/NoSuchMethodError'{0x00000000897937b8}: 'void java.lang.invoke.DirectMethodHandle$Holder.invokeStatic(java.lang.Object, long)'> (0x00000000897937b8) 
thrown [s\src\hotspot\share\interpreter\linkResolver.cpp, line 771]
Event: 33.223 Thread 0x00000203d567c1e0 Exception <a 'java/lang/NoSuchMethodError'{0x00000000897990b8}: 'java.lang.Object java.lang.invoke.DirectMethodHandle$Holder.newInvokeSpecial(java.lang.Object, long)'> (0x00000000897990b8) 
thrown [s\src\hotspot\share\interpreter\linkResolver.cpp, line 771]
Event: 33.225 Thread 0x00000203d567c1e0 Exception <a 'java/lang/NoSuchMethodError'{0x00000000897b9680}: 'java.lang.Object java.lang.invoke.DirectMethodHandle$Holder.invokeStatic(java.lang.Object, java.lang.Object, long, java.lang.Object)'> (0x00000000897b9680) 
thrown [s\src\hotspot\share\interpreter\linkResolver.cpp, line 771]
Event: 33.225 Thread 0x00000203d567c1e0 Exception <a 'java/lang/NoSuchMethodError'{0x00000000897bd100}: 'java.lang.Object java.lang.invoke.DirectMethodHandle$Holder.invokeStaticInit(java.lang.Object, java.lang.Object, long, java.lang.Object)'> (0x00000000897bd100) 
thrown [s\src\hotspot\share\interpreter\linkResolver.cpp, line 771]
Event: 33.464 Thread 0x00000203d567c1e0 Exception <a 'java/lang/NoSuchMethodError'{0x00000000896f64d0}: 'int java.lang.invoke.DirectMethodHandle$Holder.invokeSpecialIFC(java.lang.Object, java.lang.Object, java.lang.Object)'> (0x00000000896f64d0) 
thrown [s\src\hotspot\share\interpreter\linkResolver.cpp, line 771]

VM Operations (20 events):
Event: 31.082 Executing VM operation: G1Concurrent done
Event: 31.520 Executing VM operation: ICBufferFull
Event: 31.520 Executing VM operation: ICBufferFull done
Event: 31.571 Executing VM operation: G1CollectForAllocation
Event: 31.580 Executing VM operation: G1CollectForAllocation done
Event: 31.632 Executing VM operation: G1CollectForAllocation
Event: 31.670 Executing VM operation: G1CollectForAllocation done
Event: 32.398 Executing VM operation: HandshakeAllThreads
Event: 32.399 Executing VM operation: HandshakeAllThreads done
Event: 33.227 Executing VM operation: HandshakeAllThreads
Event: 33.227 Executing VM operation: HandshakeAllThreads done
Event: 33.227 Executing VM operation: Cleanup
Event: 33.228 Executing VM operation: Cleanup done
Event: 34.228 Executing VM operation: Cleanup
Event: 34.228 Executing VM operation: Cleanup done
Event: 35.471 Executing VM operation: HandshakeAllThreads
Event: 35.472 Executing VM operation: HandshakeAllThreads done
Event: 35.472 Executing VM operation: Cleanup
Event: 35.472 Executing VM operation: Cleanup done
Event: 35.547 Executing VM operation: G1CollectForAllocation

Events (20 events):
Event: 32.179 loading class java/util/ArrayList$SubList$1
Event: 32.179 loading class java/util/ArrayList$SubList$1 done
Event: 32.406 loading class java/util/concurrent/Executors$DelegatedScheduledExecutorService
Event: 32.407 loading class java/util/concurrent/Executors$DelegatedExecutorService
Event: 32.407 loading class java/util/concurrent/Executors$DelegatedExecutorService done
Event: 32.407 loading class java/util/concurrent/Executors$DelegatedScheduledExecutorService done
Event: 32.407 Thread 0x00000203d8b0ae40 Thread added: 0x00000203d8b0ae40
Event: 32.410 loading class java/lang/ProcessImpl
Event: 32.411 loading class java/lang/ProcessImpl done
Event: 33.223 loading class java/lang/ProcessHandleImpl
Event: 33.224 loading class java/lang/ProcessHandleImpl done
Event: 33.226 loading class java/lang/ProcessImpl$2
Event: 33.226 loading class java/lang/ProcessImpl$2 done
Event: 33.226 loading class java/lang/Process$PipeInputStream
Event: 33.226 loading class java/lang/Process$PipeInputStream done
Event: 33.228 loading class jdk/internal/event/ProcessStartEvent
Event: 33.228 loading class jdk/internal/event/ProcessStartEvent done
Event: 33.230 Thread 0x00000203d396b3b0 Thread added: 0x00000203d396b3b0
Event: 33.230 Thread 0x00000203d396b880 Thread added: 0x00000203d396b880
Event: 35.427 Thread 0x00000203d73a51d0 Thread added: 0x00000203d73a51d0


Dynamic libraries:
0x00007ff6b16b0000 - 0x00007ff6b16ba000 	D:\Android\Android Studio\jbr\bin\java.exe
0x00007ffd81470000 - 0x00007ffd81684000 	C:\WINDOWS\SYSTEM32\ntdll.dll
0x00007ffd80870000 - 0x00007ffd80932000 	C:\WINDOWS\System32\KERNEL32.DLL
0x00007ffd7ea80000 - 0x00007ffd7ee23000 	C:\WINDOWS\System32\KERNELBASE.dll
0x00007ffd7f130000 - 0x00007ffd7f241000 	C:\WINDOWS\System32\ucrtbase.dll
0x00007ffd624a0000 - 0x00007ffd624b7000 	D:\Android\Android Studio\jbr\bin\jli.dll
0x00007ffd7f960000 - 0x00007ffd7fb0b000 	C:\WINDOWS\System32\USER32.dll
0x00007ffd7e930000 - 0x00007ffd7e956000 	C:\WINDOWS\System32\win32u.dll
0x00007ffd5b810000 - 0x00007ffd5ba9e000 	C:\WINDOWS\WinSxS\amd64_microsoft.windows.common-controls_6595b64144ccf1df_6.0.22621.1635_none_270f70857386168e\COMCTL32.dll
0x00007ffd7f360000 - 0x00007ffd7f389000 	C:\WINDOWS\System32\GDI32.dll
0x00007ffd807c0000 - 0x00007ffd80867000 	C:\WINDOWS\System32\msvcrt.dll
0x00007ffd7e960000 - 0x00007ffd7ea79000 	C:\WINDOWS\System32\gdi32full.dll
0x00007ffd7f090000 - 0x00007ffd7f12a000 	C:\WINDOWS\System32\msvcp_win.dll
0x00007ffd5b4c0000 - 0x00007ffd5b4db000 	D:\Android\Android Studio\jbr\bin\VCRUNTIME140.dll
0x00007ffd80fd0000 - 0x00007ffd81001000 	C:\WINDOWS\System32\IMM32.DLL
0x00007ffd74340000 - 0x00007ffd7434c000 	D:\Android\Android Studio\jbr\bin\vcruntime140_1.dll
0x00007ffd32d80000 - 0x00007ffd32e0d000 	D:\Android\Android Studio\jbr\bin\msvcp140.dll
0x00007ffcf73d0000 - 0x00007ffcf803d000 	D:\Android\Android Studio\jbr\bin\server\jvm.dll
0x00007ffd7f6b0000 - 0x00007ffd7f75e000 	C:\WINDOWS\System32\ADVAPI32.dll
0x00007ffd7f770000 - 0x00007ffd7f814000 	C:\WINDOWS\System32\sechost.dll
0x00007ffd81170000 - 0x00007ffd81287000 	C:\WINDOWS\System32\RPCRT4.dll
0x00007ffd716b0000 - 0x00007ffd716e4000 	C:\WINDOWS\SYSTEM32\WINMM.dll
0x00007ffd72c50000 - 0x00007ffd72c5a000 	C:\WINDOWS\SYSTEM32\VERSION.dll
0x00007ffd4c5c0000 - 0x00007ffd4c5c9000 	C:\WINDOWS\SYSTEM32\WSOCK32.dll
0x00007ffd80b70000 - 0x00007ffd80be1000 	C:\WINDOWS\System32\WS2_32.dll
0x00007ffd7d8c0000 - 0x00007ffd7d8d8000 	C:\WINDOWS\SYSTEM32\kernel.appcore.dll
0x00007ffd716f0000 - 0x00007ffd716fa000 	D:\Android\Android Studio\jbr\bin\jimage.dll
0x00007ffd78870000 - 0x00007ffd78a9e000 	C:\WINDOWS\SYSTEM32\DBGHELP.DLL
0x00007ffd80bf0000 - 0x00007ffd80f79000 	C:\WINDOWS\System32\combase.dll
0x00007ffd7f490000 - 0x00007ffd7f567000 	C:\WINDOWS\System32\OLEAUT32.dll
0x00007ffd5cd60000 - 0x00007ffd5cd92000 	C:\WINDOWS\SYSTEM32\dbgcore.DLL
0x00007ffd7f010000 - 0x00007ffd7f08b000 	C:\WINDOWS\System32\bcryptPrimitives.dll
0x00007ffd5cc80000 - 0x00007ffd5cca5000 	D:\Android\Android Studio\jbr\bin\java.dll
0x00007ffd59380000 - 0x00007ffd59398000 	D:\Android\Android Studio\jbr\bin\zip.dll
0x00007ffd7fb20000 - 0x00007ffd8031a000 	C:\WINDOWS\System32\SHELL32.dll
0x00007ffd7c870000 - 0x00007ffd7d13e000 	C:\WINDOWS\SYSTEM32\windows.storage.dll
0x00007ffd7c730000 - 0x00007ffd7c86e000 	C:\WINDOWS\SYSTEM32\wintypes.dll
0x00007ffd81070000 - 0x00007ffd81161000 	C:\WINDOWS\System32\SHCORE.dll
0x00007ffd7f300000 - 0x00007ffd7f35e000 	C:\WINDOWS\System32\shlwapi.dll
0x00007ffd7e7a0000 - 0x00007ffd7e7c1000 	C:\WINDOWS\SYSTEM32\profapi.dll
0x00007ffd52f10000 - 0x00007ffd52f29000 	D:\Android\Android Studio\jbr\bin\net.dll
0x00007ffd72460000 - 0x00007ffd72597000 	C:\WINDOWS\SYSTEM32\WINHTTP.dll
0x00007ffd7dd30000 - 0x00007ffd7dd99000 	C:\WINDOWS\system32\mswsock.dll
0x00007ffd51f20000 - 0x00007ffd51f36000 	D:\Android\Android Studio\jbr\bin\nio.dll
0x00007ffd593c0000 - 0x00007ffd593d0000 	D:\Android\Android Studio\jbr\bin\verify.dll
0x00007ffd65f10000 - 0x00007ffd65f37000 	C:\Users\yuumm\.gradle\native\68d5fa5c4cc2d200863cafc0d521ce42e7d3e7ee720ec0a83991735586a16f82\windows-amd64\native-platform.dll
0x00007ffd2b490000 - 0x00007ffd2b5d4000 	C:\Users\yuumm\.gradle\native\e376f236ea51e6404a007f0833ffe2c6e607c4080706a723a18a27aeea778392\windows-amd64\native-platform-file-events.dll
0x00007ffd630a0000 - 0x00007ffd630a9000 	D:\Android\Android Studio\jbr\bin\management.dll
0x00007ffd5b2e0000 - 0x00007ffd5b2eb000 	D:\Android\Android Studio\jbr\bin\management_ext.dll
0x00007ffd7f600000 - 0x00007ffd7f608000 	C:\WINDOWS\System32\PSAPI.DLL
0x00007ffd7df90000 - 0x00007ffd7dfab000 	C:\WINDOWS\SYSTEM32\CRYPTSP.dll
0x00007ffd7d830000 - 0x00007ffd7d865000 	C:\WINDOWS\system32\rsaenh.dll
0x00007ffd7de30000 - 0x00007ffd7de58000 	C:\WINDOWS\SYSTEM32\USERENV.dll
0x00007ffd7e130000 - 0x00007ffd7e158000 	C:\WINDOWS\SYSTEM32\bcrypt.dll
0x00007ffd7dfb0000 - 0x00007ffd7dfbc000 	C:\WINDOWS\SYSTEM32\CRYPTBASE.dll
0x00007ffd7d3a0000 - 0x00007ffd7d3cd000 	C:\WINDOWS\SYSTEM32\IPHLPAPI.DLL
0x00007ffd7f760000 - 0x00007ffd7f769000 	C:\WINDOWS\System32\NSI.dll
0x00007ffd72c80000 - 0x00007ffd72c99000 	C:\WINDOWS\SYSTEM32\dhcpcsvc6.DLL
0x00007ffd72c60000 - 0x00007ffd72c7f000 	C:\WINDOWS\SYSTEM32\dhcpcsvc.DLL
0x00007ffd7d410000 - 0x00007ffd7d503000 	C:\WINDOWS\SYSTEM32\DNSAPI.dll
0x00007ffd439c0000 - 0x00007ffd439c8000 	C:\WINDOWS\system32\wshunix.dll
0x00007ffd63100000 - 0x00007ffd6310a000 	C:\Windows\System32\rasadhlp.dll
0x00007ffd6f260000 - 0x00007ffd6f2e4000 	C:\WINDOWS\System32\fwpuclnt.dll
0x00007ffd7d8e0000 - 0x00007ffd7d914000 	C:\WINDOWS\SYSTEM32\ntmarta.dll

dbghelp: loaded successfully - version: 4.0.5 - missing functions: none
symbol engine: initialized successfully - sym options: 0x614 - pdb path: .;D:\Android\Android Studio\jbr\bin;C:\WINDOWS\SYSTEM32;C:\WINDOWS\WinSxS\amd64_microsoft.windows.common-controls_6595b64144ccf1df_6.0.22621.1635_none_270f70857386168e;D:\Android\Android Studio\jbr\bin\server;C:\Users\yuumm\.gradle\native\68d5fa5c4cc2d200863cafc0d521ce42e7d3e7ee720ec0a83991735586a16f82\windows-amd64;C:\Users\yuumm\.gradle\native\e376f236ea51e6404a007f0833ffe2c6e607c4080706a723a18a27aeea778392\windows-amd64

VM Arguments:
jvm_args: --add-opens=java.base/java.util=ALL-UNNAMED --add-opens=java.base/java.lang=ALL-UNNAMED --add-opens=java.base/java.lang.invoke=ALL-UNNAMED --add-opens=java.prefs/java.util.prefs=ALL-UNNAMED --add-opens=java.base/java.nio.charset=ALL-UNNAMED --add-opens=java.base/java.net=ALL-UNNAMED --add-opens=java.base/java.util.concurrent.atomic=ALL-UNNAMED -Xmx2048m -Dfile.encoding=UTF-8 -Duser.country=US -Duser.language=en -Duser.variant 
java_command: org.gradle.launcher.daemon.bootstrap.GradleDaemon 8.0
java_class_path (initial): C:\Users\yuumm\.gradle\wrapper\dists\gradle-8.0-bin\ca5e32bp14vu59qr306oxotwh\gradle-8.0\lib\gradle-launcher-8.0.jar
Launcher Type: SUN_STANDARD

[Global flags]
     intx CICompilerCount                          = 4                                         {product} {ergonomic}
     uint ConcGCThreads                            = 2                                         {product} {ergonomic}
     uint G1ConcRefinementThreads                  = 8                                         {product} {ergonomic}
   size_t G1HeapRegionSize                         = 1048576                                   {product} {ergonomic}
    uintx GCDrainStackTargetSize                   = 64                                        {product} {ergonomic}
   size_t InitialHeapSize                          = 134217728                                 {product} {ergonomic}
   size_t MarkStackSize                            = 4194304                                   {product} {ergonomic}
   size_t MaxHeapSize                              = 2147483648                                {product} {command line}
   size_t MaxNewSize                               = 1287651328                                {product} {ergonomic}
   size_t MinHeapDeltaBytes                        = 1048576                                   {product} {ergonomic}
   size_t MinHeapSize                              = 8388608                                   {product} {ergonomic}
    uintx NonNMethodCodeHeapSize                   = 5839372                                {pd product} {ergonomic}
    uintx NonProfiledCodeHeapSize                  = 122909434                              {pd product} {ergonomic}
    uintx ProfiledCodeHeapSize                     = 122909434                              {pd product} {ergonomic}
    uintx ReservedCodeCacheSize                    = 251658240                              {pd product} {ergonomic}
     bool SegmentedCodeCache                       = true                                      {product} {ergonomic}
   size_t SoftMaxHeapSize                          = 2147483648                             {manageable} {ergonomic}
     bool UseCompressedClassPointers               = true                           {product lp64_product} {ergonomic}
     bool UseCompressedOops                        = true                           {product lp64_product} {ergonomic}
     bool UseG1GC                                  = true                                      {product} {ergonomic}
     bool UseLargePagesIndividualAllocation        = false                                  {pd product} {ergonomic}

Logging:
Log output configuration:
 #0: stdout all=warning uptime,level,tags
 #1: stderr all=off uptime,level,tags

Environment Variables:
PATH=C:\Program Files\Common Files\Oracle\Java\javapath;C:\Program Files (x86)\Common Files\Oracle\Java\javapath;C:\WINDOWS\system32;C:\WINDOWS;C:\WINDOWS\System32\Wbem;C:\WINDOWS\System32\WindowsPowerShell\v1.0\;C:\WINDOWS\System32\OpenSSH\;C:\Program Files\Intel\WiFi\bin\;C:\Program Files\Common Files\Intel\WirelessCommon\;C:\Program Files (x86)\Microsoft SQL Server\160\DTS\Binn\;C:\Program Files\Azure Data Studio\bin;C:\Program Files (x86)\Microsoft SQL Server\160\Tools\Binn\;C:\Program Files\Microsoft SQL Server\160\Tools\Binn\;C:\Program Files\Microsoft SQL Server\Client SDK\ODBC\170\Tools\Binn\;C:\Program Files\Microsoft SQL Server\160\DTS\Binn\;C:\Program Files\Microsoft SQL Server\130\Tools\Binn\;C:\Program Files\Git\cmd;C:\Program Files\dotnet\;C:\Program Files\nodejs\;D:\VietPN;C:\Users\yuumm\AppData\Local\Programs\Python\Python311\Scripts\;C:\Users\yuumm\AppData\Local\Programs\Python\Python311\;C:\Users\yuumm\AppData\Local\Microsoft\WindowsApps;;C:\Users\yuumm\AppData\Local\Programs\Microsoft VS Code\bin;C:\Program Files\Azure Data Studio\bin;C:\Users\yuumm\.dotnet\tools;C:\Users\yuumm\AppData\Roaming\npm
USERNAME=yuumm
OS=Windows_NT
PROCESSOR_IDENTIFIER=Intel64 Family 6 Model 142 Stepping 11, GenuineIntel
TMP=C:\Users\yuumm\AppData\Local\Temp
TEMP=C:\Users\yuumm\AppData\Local\Temp



---------------  S Y S T E M  ---------------

OS:
 Windows 11 , 64 bit Build 22621 (10.0.22621.1778)
OS uptime: 5 days 1:23 hours

CPU: total 8 (initial active 8) (4 cores per cpu, 2 threads per core) family 6 model 142 stepping 11 microcode 0xde, cx8, cmov, fxsr, ht, mmx, 3dnowpref, sse, sse2, sse3, ssse3, sse4.1, sse4.2, popcnt, lzcnt, tsc, tscinvbit, avx, avx2, aes, erms, clmul, bmi1, bmi2, adx, fma, vzeroupper, clflush, clflushopt

Memory: 4k page, system-wide physical 8079M (430M free)
TotalPageFile size 17389M (AvailPageFile size 111M)
current process WorkingSet (physical memory assigned to process): 454M, peak: 454M
current process commit charge ("private bytes"): 488M, peak: 685M

vm_info: OpenJDK 64-Bit Server VM (17.0.6+0-b2043.56-9586694) for windows-amd64 JRE (17.0.6+0-b2043.56-9586694), built on Feb  9 2023 20:06:20 by "androidbuild" with MS VC++ 16.10 / 16.11 (VS2019)

END.
